# JRE version: 7.0_09-b05
# Java VM: Java HotSpot(TM) 64-Bit Server VM (23.5-b02 mixed mode windows-amd64 compressed oops)
Heap
 PSYoungGen      total 107008K, used 19654K [0x00000000e0160000, 0x00000000ed380000, 0x0000000100000000)
  eden space 98304K, 19% used [0x00000000e0160000,0x00000000e1462878,0x00000000e6160000)
  from space 8704K, 2% used [0x00000000e6160000,0x00000000e618efd8,0x00000000e69e0000)
  to   space 9280K, 0% used [0x00000000eca70000,0x00000000eca70000,0x00000000ed380000)
 ParOldGen       total 65408K, used 10422K [0x00000000a0400000, 0x00000000a43e0000, 0x00000000e0160000)
  object space 65408K, 15% used [0x00000000a0400000,0x00000000a0e2daf8,0x00000000a43e0000)
 PSPermGen       total 22400K, used 22312K [0x000000009b200000, 0x000000009c7e0000, 0x00000000a0400000)
  object space 22400K, 99% used [0x000000009b200000,0x000000009c7ca0f0,0x000000009c7e0000)
GC Heap History (10 events):
Event: 3.972 GC heap before
{Heap before GC invocations=3 (full 0):
 PSYoungGen      total 28608K, used 28563K [0x00000000e0160000, 0x00000000e2140000, 0x0000000100000000)
  eden space 24576K, 99% used [0x00000000e0160000,0x00000000e195ae08,0x00000000e1960000)
  from space 4032K, 99% used [0x00000000e1d50000,0x00000000e213a110,0x00000000e2140000)
  to   space 4032K, 0% used [0x00000000e1960000,0x00000000e1960000,0x00000000e1d50000)
 ParOldGen       total 65408K, used 6337K [0x00000000a0400000, 0x00000000a43e0000, 0x00000000e0160000)
  object space 65408K, 9% used [0x00000000a0400000,0x00000000a0a30598,0x00000000a43e0000)
 PSPermGen       total 21248K, used 20983K [0x000000009b200000, 0x000000009c6c0000, 0x00000000a0400000)
  object space 21248K, 98% used [0x000000009b200000,0x000000009c67df90,0x000000009c6c0000)
Event: 3.976 GC heap after
Heap after GC invocations=3 (full 0):
 PSYoungGen      total 28608K, used 4026K [0x00000000e0160000, 0x00000000e3940000, 0x0000000100000000)
  eden space 24576K, 0% used [0x00000000e0160000,0x00000000e0160000,0x00000000e1960000)
  from space 4032K, 99% used [0x00000000e1960000,0x00000000e1d4eb40,0x00000000e1d50000)
  to   space 4032K, 0% used [0x00000000e3550000,0x00000000e3550000,0x00000000e3940000)
 ParOldGen       total 65408K, used 6425K [0x00000000a0400000, 0x00000000a43e0000, 0x00000000e0160000)
  object space 65408K, 9% used [0x00000000a0400000,0x00000000a0a46598,0x00000000a43e0000)
 PSPermGen       total 21248K, used 20983K [0x000000009b200000, 0x000000009c6c0000, 0x00000000a0400000)
  object space 21248K, 98% used [0x000000009b200000,0x000000009c67df90,0x000000009c6c0000)
}
Event: 3.982 GC heap before
{Heap before GC invocations=4 (full 0):
 PSYoungGen      total 28608K, used 28516K [0x00000000e0160000, 0x00000000e3940000, 0x0000000100000000)
  eden space 24576K, 99% used [0x00000000e0160000,0x00000000e194a810,0x00000000e1960000)
  from space 4032K, 99% used [0x00000000e1960000,0x00000000e1d4eb40,0x00000000e1d50000)
  to   space 4032K, 0% used [0x00000000e3550000,0x00000000e3550000,0x00000000e3940000)
 ParOldGen       total 65408K, used 6425K [0x00000000a0400000, 0x00000000a43e0000, 0x00000000e0160000)
  object space 65408K, 9% used [0x00000000a0400000,0x00000000a0a46598,0x00000000a43e0000)
 PSPermGen       total 21248K, used 20983K [0x000000009b200000, 0x000000009c6c0000, 0x00000000a0400000)
  object space 21248K, 98% used [0x000000009b200000,0x000000009c67df90,0x000000009c6c0000)
Event: 3.987 GC heap after
Heap after GC invocations=4 (full 0):
 PSYoungGen      total 53184K, used 4016K [0x00000000e0160000, 0x00000000e3940000, 0x0000000100000000)
  eden space 49152K, 0% used [0x00000000e0160000,0x00000000e0160000,0x00000000e3160000)
  from space 4032K, 99% used [0x00000000e3550000,0x00000000e393c3b8,0x00000000e3940000)
  to   space 4032K, 0% used [0x00000000e3160000,0x00000000e3160000,0x00000000e3550000)
 ParOldGen       total 65408K, used 6497K [0x00000000a0400000, 0x00000000a43e0000, 0x00000000e0160000)
  object space 65408K, 9% used [0x00000000a0400000,0x00000000a0a58598,0x00000000a43e0000)
 PSPermGen       total 21248K, used 20983K [0x000000009b200000, 0x000000009c6c0000, 0x00000000a0400000)
  object space 21248K, 98% used [0x000000009b200000,0x000000009c67df90,0x000000009c6c0000)
}
Event: 4.001 GC heap before
{Heap before GC invocations=5 (full 0):
 PSYoungGen      total 53184K, used 53123K [0x00000000e0160000, 0x00000000e3940000, 0x0000000100000000)
  eden space 49152K, 99% used [0x00000000e0160000,0x00000000e3154b38,0x00000000e3160000)
  from space 4032K, 99% used [0x00000000e3550000,0x00000000e393c3b8,0x00000000e3940000)
  to   space 4032K, 0% used [0x00000000e3160000,0x00000000e3160000,0x00000000e3550000)
 ParOldGen       total 65408K, used 6497K [0x00000000a0400000, 0x00000000a43e0000, 0x00000000e0160000)
  object space 65408K, 9% used [0x00000000a0400000,0x00000000a0a58598,0x00000000a43e0000)
 PSPermGen       total 21248K, used 20983K [0x000000009b200000, 0x000000009c6c0000, 0x00000000a0400000)
  object space 21248K, 98% used [0x000000009b200000,0x000000009c67df90,0x000000009c6c0000)
Event: 4.005 GC heap after
Heap after GC invocations=5 (full 0):
 PSYoungGen      total 53184K, used 4001K [0x00000000e0160000, 0x00000000e72e0000, 0x0000000100000000)
  eden space 49152K, 0% used [0x00000000e0160000,0x00000000e0160000,0x00000000e3160000)
  from space 4032K, 99% used [0x00000000e3160000,0x00000000e3548648,0x00000000e3550000)
  to   space 8960K, 0% used [0x00000000e6a20000,0x00000000e6a20000,0x00000000e72e0000)
 ParOldGen       total 65408K, used 6545K [0x00000000a0400000, 0x00000000a43e0000, 0x00000000e0160000)
  object space 65408K, 10% used [0x00000000a0400000,0x00000000a0a645c8,0x00000000a43e0000)
 PSPermGen       total 21248K, used 20983K [0x000000009b200000, 0x000000009c6c0000, 0x00000000a0400000)
  object space 21248K, 98% used [0x000000009b200000,0x000000009c67df90,0x000000009c6c0000)
}
Event: 4.016 GC heap before
{Heap before GC invocations=6 (full 0):
 PSYoungGen      total 53184K, used 53068K [0x00000000e0160000, 0x00000000e72e0000, 0x0000000100000000)
  eden space 49152K, 99% used [0x00000000e0160000,0x00000000e314aba0,0x00000000e3160000)
  from space 4032K, 99% used [0x00000000e3160000,0x00000000e3548648,0x00000000e3550000)
  to   space 8960K, 0% used [0x00000000e6a20000,0x00000000e6a20000,0x00000000e72e0000)
 ParOldGen       total 65408K, used 6545K [0x00000000a0400000, 0x00000000a43e0000, 0x00000000e0160000)
  object space 65408K, 10% used [0x00000000a0400000,0x00000000a0a645c8,0x00000000a43e0000)
 PSPermGen       total 21248K, used 20983K [0x000000009b200000, 0x000000009c6c0000, 0x00000000a0400000)
  object space 21248K, 98% used [0x000000009b200000,0x000000009c67df90,0x000000009c6c0000)
Event: 4.020 GC heap after
Heap after GC invocations=6 (full 0):
 PSYoungGen      total 106752K, used 4059K [0x00000000e0160000, 0x00000000e7260000, 0x0000000100000000)
  eden space 98304K, 0% used [0x00000000e0160000,0x00000000e0160000,0x00000000e6160000)
  from space 8448K, 48% used [0x00000000e6a20000,0x00000000e6e16ca8,0x00000000e7260000)
  to   space 8704K, 0% used [0x00000000e6160000,0x00000000e6160000,0x00000000e69e0000)
 ParOldGen       total 65408K, used 6545K [0x00000000a0400000, 0x00000000a43e0000, 0x00000000e0160000)
  object space 65408K, 10% used [0x00000000a0400000,0x00000000a0a645c8,0x00000000a43e0000)
 PSPermGen       total 21248K, used 20983K [0x000000009b200000, 0x000000009c6c0000, 0x00000000a0400000)
  object space 21248K, 98% used [0x000000009b200000,0x000000009c67df90,0x000000009c6c0000)
}
Event: 4.050 GC heap before
{Heap before GC invocations=7 (full 0):
 PSYoungGen      total 106752K, used 102188K [0x00000000e0160000, 0x00000000e7260000, 0x0000000100000000)
  eden space 98304K, 99% used [0x00000000e0160000,0x00000000e6134390,0x00000000e6160000)
  from space 8448K, 48% used [0x00000000e6a20000,0x00000000e6e16ca8,0x00000000e7260000)
  to   space 8704K, 0% used [0x00000000e6160000,0x00000000e6160000,0x00000000e69e0000)
 ParOldGen       total 65408K, used 6545K [0x00000000a0400000, 0x00000000a43e0000, 0x00000000e0160000)
  object space 65408K, 10% used [0x00000000a0400000,0x00000000a0a645c8,0x00000000a43e0000)
 PSPermGen       total 21248K, used 20983K [0x000000009b200000, 0x000000009c6c0000, 0x00000000a0400000)
  object space 21248K, 98% used [0x000000009b200000,0x000000009c67df90,0x000000009c6c0000)
Event: 4.055 GC heap after
Heap after GC invocations=7 (full 0):
 PSYoungGen      total 107008K, used 187K [0x00000000e0160000, 0x00000000ed380000, 0x0000000100000000)
  eden space 98304K, 0% used [0x00000000e0160000,0x00000000e0160000,0x00000000e6160000)
  from space 8704K, 2% used [0x00000000e6160000,0x00000000e618efd8,0x00000000e69e0000)
  to   space 9280K, 0% used [0x00000000eca70000,0x00000000eca70000,0x00000000ed380000)
 ParOldGen       total 65408K, used 10422K [0x00000000a0400000, 0x00000000a43e0000, 0x00000000e0160000)
  object space 65408K, 15% used [0x00000000a0400000,0x00000000a0e2daf8,0x00000000a43e0000)
 PSPermGen       total 21248K, used 20983K [0x000000009b200000, 0x000000009c6c0000, 0x00000000a0400000)
  object space 21248K, 98% used [0x000000009b200000,0x000000009c67df90,0x000000009c6c0000)
}

