# JRE version: 7.0_10-b09
# Java VM: Java HotSpot(TM) 64-Bit Server VM (23.6-b03 mixed mode windows-amd64 compressed oops)
# JRE version: 7.0_09-b05
# Java VM: Java HotSpot(TM) 64-Bit Server VM (23.5-b02 mixed mode windows-amd64 compressed oops)
GC Heap History (10 events):
Event: 77.096 GC heap before
{Heap before GC invocations=2 (full 0):
 PSYoungGen      total 35776K, used 35755K [0x00000000d8160000, 0x00000000da940000, 0x0000000100000000)
  eden space 30720K, 99% used [0x00000000d8160000,0x00000000d9f5db90,0x00000000d9f60000)
  from space 5056K, 99% used [0x00000000d9f60000,0x00000000da44d1f0,0x00000000da450000)
  to   space 5056K, 0% used [0x00000000da450000,0x00000000da450000,0x00000000da940000)
 ParOldGen       total 81728K, used 1618K [0x0000000088400000, 0x000000008d3d0000, 0x00000000d8160000)
  object space 81728K, 1% used [0x0000000088400000,0x0000000088594870,0x000000008d3d0000)
 PSPermGen       total 21248K, used 21150K [0x0000000083200000, 0x00000000846c0000, 0x0000000088400000)
  object space 21248K, 99% used [0x0000000083200000,0x00000000846a78f0,0x00000000846c0000)
Event: 77.112 GC heap after
Heap after GC invocations=2 (full 0):
 PSYoungGen      total 35776K, used 5028K [0x00000000d8160000, 0x00000000da940000, 0x0000000100000000)
  eden space 30720K, 0% used [0x00000000d8160000,0x00000000d8160000,0x00000000d9f60000)
  from space 5056K, 99% used [0x00000000da450000,0x00000000da939068,0x00000000da940000)
  to   space 5056K, 0% used [0x00000000d9f60000,0x00000000d9f60000,0x00000000da450000)
 ParOldGen       total 81728K, used 5446K [0x0000000088400000, 0x000000008d3d0000, 0x00000000d8160000)
  object space 81728K, 6% used [0x0000000088400000,0x0000000088951860,0x000000008d3d0000)
 PSPermGen       total 21248K, used 21150K [0x0000000083200000, 0x00000000846c0000, 0x0000000088400000)
  object space 21248K, 99% used [0x0000000083200000,0x00000000846a78f0,0x00000000846c0000)
}
Event: 77.135 GC heap before
{Heap before GC invocations=3 (full 0):
 PSYoungGen      total 35776K, used 35680K [0x00000000d8160000, 0x00000000da940000, 0x0000000100000000)
  eden space 30720K, 99% used [0x00000000d8160000,0x00000000d9f4f1a0,0x00000000d9f60000)
  from space 5056K, 99% used [0x00000000da450000,0x00000000da939068,0x00000000da940000)
  to   space 5056K, 0% used [0x00000000d9f60000,0x00000000d9f60000,0x00000000da450000)
 ParOldGen       total 81728K, used 5446K [0x0000000088400000, 0x000000008d3d0000, 0x00000000d8160000)
  object space 81728K, 6% used [0x0000000088400000,0x0000000088951860,0x000000008d3d0000)
 PSPermGen       total 21248K, used 21150K [0x0000000083200000, 0x00000000846c0000, 0x0000000088400000)
  object space 21248K, 99% used [0x0000000083200000,0x00000000846a79b8,0x00000000846c0000)
Event: 77.145 GC heap after
Heap after GC invocations=3 (full 0):
 PSYoungGen      total 35776K, used 5029K [0x00000000d8160000, 0x00000000dc740000, 0x0000000100000000)
  eden space 30720K, 0% used [0x00000000d8160000,0x00000000d8160000,0x00000000d9f60000)
  from space 5056K, 99% used [0x00000000d9f60000,0x00000000da449548,0x00000000da450000)
  to   space 5056K, 0% used [0x00000000dc250000,0x00000000dc250000,0x00000000dc740000)
 ParOldGen       total 81728K, used 5478K [0x0000000088400000, 0x000000008d3d0000, 0x00000000d8160000)
  object space 81728K, 6% used [0x0000000088400000,0x0000000088959860,0x000000008d3d0000)
 PSPermGen       total 21248K, used 21150K [0x0000000083200000, 0x00000000846c0000, 0x0000000088400000)
  object space 21248K, 99% used [0x0000000083200000,0x00000000846a79b8,0x00000000846c0000)
}
Event: 77.165 GC heap before
{Heap before GC invocations=4 (full 0):
 PSYoungGen      total 35776K, used 35678K [0x00000000d8160000, 0x00000000dc740000, 0x0000000100000000)
  eden space 30720K, 99% used [0x00000000d8160000,0x00000000d9f4e300,0x00000000d9f60000)
  from space 5056K, 99% used [0x00000000d9f60000,0x00000000da449548,0x00000000da450000)
  to   space 5056K, 0% used [0x00000000dc250000,0x00000000dc250000,0x00000000dc740000)
 ParOldGen       total 81728K, used 5478K [0x0000000088400000, 0x000000008d3d0000, 0x00000000d8160000)
  object space 81728K, 6% used [0x0000000088400000,0x0000000088959860,0x000000008d3d0000)
 PSPermGen       total 21248K, used 21150K [0x0000000083200000, 0x00000000846c0000, 0x0000000088400000)
  object space 21248K, 99% used [0x0000000083200000,0x00000000846a79b8,0x00000000846c0000)
Event: 77.175 GC heap after
Heap after GC invocations=4 (full 0):
 PSYoungGen      total 66496K, used 5052K [0x00000000d8160000, 0x00000000dc740000, 0x0000000100000000)
  eden space 61440K, 0% used [0x00000000d8160000,0x00000000d8160000,0x00000000dbd60000)
  from space 5056K, 99% used [0x00000000dc250000,0x00000000dc73f1b0,0x00000000dc740000)
  to   space 5056K, 0% used [0x00000000dbd60000,0x00000000dbd60000,0x00000000dc250000)
 ParOldGen       total 81728K, used 5514K [0x0000000088400000, 0x000000008d3d0000, 0x00000000d8160000)
  object space 81728K, 6% used [0x0000000088400000,0x0000000088962870,0x000000008d3d0000)
 PSPermGen       total 21248K, used 21150K [0x0000000083200000, 0x00000000846c0000, 0x0000000088400000)
  object space 21248K, 99% used [0x0000000083200000,0x00000000846a79b8,0x00000000846c0000)
}
Event: 77.223 GC heap before
{Heap before GC invocations=5 (full 0):
 PSYoungGen      total 66496K, used 66425K [0x00000000d8160000, 0x00000000dc740000, 0x0000000100000000)
  eden space 61440K, 99% used [0x00000000d8160000,0x00000000dbd4f2e8,0x00000000dbd60000)
  from space 5056K, 99% used [0x00000000dc250000,0x00000000dc73f1b0,0x00000000dc740000)
  to   space 5056K, 0% used [0x00000000dbd60000,0x00000000dbd60000,0x00000000dc250000)
 ParOldGen       total 81728K, used 5514K [0x0000000088400000, 0x000000008d3d0000, 0x00000000d8160000)
  object space 81728K, 6% used [0x0000000088400000,0x0000000088962870,0x000000008d3d0000)
 PSPermGen       total 21248K, used 21150K [0x0000000083200000, 0x00000000846c0000, 0x0000000088400000)
  object space 21248K, 99% used [0x0000000083200000,0x00000000846a79b8,0x00000000846c0000)
Event: 77.233 GC heap after
Heap after GC invocations=5 (full 0):
 PSYoungGen      total 66496K, used 3731K [0x00000000d8160000, 0x00000000e0c60000, 0x0000000100000000)
  eden space 61440K, 0% used [0x00000000d8160000,0x00000000d8160000,0x00000000dbd60000)
  from space 5056K, 73% used [0x00000000dbd60000,0x00000000dc104d28,0x00000000dc250000)
  to   space 9728K, 0% used [0x00000000e02e0000,0x00000000e02e0000,0x00000000e0c60000)
 ParOldGen       total 81728K, used 9630K [0x0000000088400000, 0x000000008d3d0000, 0x00000000d8160000)
  object space 81728K, 11% used [0x0000000088400000,0x0000000088d67b40,0x000000008d3d0000)
 PSPermGen       total 21248K, used 21150K [0x0000000083200000, 0x00000000846c0000, 0x0000000088400000)
  object space 21248K, 99% used [0x0000000083200000,0x00000000846a79b8,0x00000000846c0000)
}
Event: 77.269 GC heap before
{Heap before GC invocations=6 (full 0):
 PSYoungGen      total 66496K, used 65142K [0x00000000d8160000, 0x00000000e0c60000, 0x0000000100000000)
  eden space 61440K, 99% used [0x00000000d8160000,0x00000000dbd58e80,0x00000000dbd60000)
  from space 5056K, 73% used [0x00000000dbd60000,0x00000000dc104d28,0x00000000dc250000)
  to   space 9728K, 0% used [0x00000000e02e0000,0x00000000e02e0000,0x00000000e0c60000)
 ParOldGen       total 81728K, used 9630K [0x0000000088400000, 0x000000008d3d0000, 0x00000000d8160000)
  object space 81728K, 11% used [0x0000000088400000,0x0000000088d67b40,0x000000008d3d0000)
 PSPermGen       total 21248K, used 21150K [0x0000000083200000, 0x00000000846c0000, 0x0000000088400000)
  object space 21248K, 99% used [0x0000000083200000,0x00000000846a79b8,0x00000000846c0000)
Event: 77.279 GC heap after
Heap after GC invocations=6 (full 0):
 PSYoungGen      total 132480K, used 3726K [0x00000000d8160000, 0x00000000e0c40000, 0x0000000100000000)
  eden space 122880K, 0% used [0x00000000d8160000,0x00000000d8160000,0x00000000df960000)
  from space 9600K, 38% used [0x00000000e02e0000,0x00000000e0683bb0,0x00000000e0c40000)
  to   space 9664K, 0% used [0x00000000df960000,0x00000000df960000,0x00000000e02d0000)
 ParOldGen       total 81728K, used 9638K [0x0000000088400000, 0x000000008d3d0000, 0x00000000d8160000)
  object space 81728K, 11% used [0x0000000088400000,0x0000000088d69b40,0x000000008d3d0000)
 PSPermGen       total 21248K, used 21150K [0x0000000083200000, 0x00000000846c0000, 0x0000000088400000)
  object space 21248K, 99% used [0x0000000083200000,0x00000000846a79b8,0x00000000846c0000)
}

GC Heap History (10 events):
Event: 15.214 GC heap before
{Heap before GC invocations=3 (full 0):
 PSYoungGen      total 28608K, used 28532K [0x00000000e0160000, 0x00000000e2140000, 0x0000000100000000)
  eden space 24576K, 99% used [0x00000000e0160000,0x00000000e19531a0,0x00000000e1960000)
  from space 4032K, 99% used [0x00000000e1d50000,0x00000000e213a1f0,0x00000000e2140000)
  to   space 4032K, 0% used [0x00000000e1960000,0x00000000e1960000,0x00000000e1d50000)
 ParOldGen       total 65408K, used 6357K [0x00000000a0400000, 0x00000000a43e0000, 0x00000000e0160000)
  object space 65408K, 9% used [0x00000000a0400000,0x00000000a0a357c0,0x00000000a43e0000)
 PSPermGen       total 21248K, used 21031K [0x000000009b200000, 0x000000009c6c0000, 0x00000000a0400000)
  object space 21248K, 98% used [0x000000009b200000,0x000000009c689cb0,0x000000009c6c0000)
Event: 15.218 GC heap after
Heap after GC invocations=3 (full 0):
 PSYoungGen      total 28608K, used 4024K [0x00000000e0160000, 0x00000000e3940000, 0x0000000100000000)
  eden space 24576K, 0% used [0x00000000e0160000,0x00000000e0160000,0x00000000e1960000)
  from space 4032K, 99% used [0x00000000e1960000,0x00000000e1d4e1e0,0x00000000e1d50000)
  to   space 4032K, 0% used [0x00000000e3550000,0x00000000e3550000,0x00000000e3940000)
 ParOldGen       total 65408K, used 6432K [0x00000000a0400000, 0x00000000a43e0000, 0x00000000e0160000)
  object space 65408K, 9% used [0x00000000a0400000,0x00000000a0a48228,0x00000000a43e0000)
 PSPermGen       total 21248K, used 21031K [0x000000009b200000, 0x000000009c6c0000, 0x00000000a0400000)
  object space 21248K, 98% used [0x000000009b200000,0x000000009c689cb0,0x000000009c6c0000)
}
Event: 15.224 GC heap before
{Heap before GC invocations=4 (full 0):
 PSYoungGen      total 28608K, used 28535K [0x00000000e0160000, 0x00000000e3940000, 0x0000000100000000)
  eden space 24576K, 99% used [0x00000000e0160000,0x00000000e194fb70,0x00000000e1960000)
  from space 4032K, 99% used [0x00000000e1960000,0x00000000e1d4e1e0,0x00000000e1d50000)
  to   space 4032K, 0% used [0x00000000e3550000,0x00000000e3550000,0x00000000e3940000)
 ParOldGen       total 65408K, used 6432K [0x00000000a0400000, 0x00000000a43e0000, 0x00000000e0160000)
  object space 65408K, 9% used [0x00000000a0400000,0x00000000a0a48228,0x00000000a43e0000)
 PSPermGen       total 21248K, used 21031K [0x000000009b200000, 0x000000009c6c0000, 0x00000000a0400000)
  object space 21248K, 98% used [0x000000009b200000,0x000000009c689cb0,0x000000009c6c0000)
Event: 15.230 GC heap after
Heap after GC invocations=4 (full 0):
 PSYoungGen      total 53184K, used 2885K [0x00000000e0160000, 0x00000000e3940000, 0x0000000100000000)
  eden space 49152K, 0% used [0x00000000e0160000,0x00000000e0160000,0x00000000e3160000)
  from space 4032K, 71% used [0x00000000e3550000,0x00000000e3821400,0x00000000e3940000)
  to   space 4032K, 0% used [0x00000000e3160000,0x00000000e3160000,0x00000000e3550000)
 ParOldGen       total 65408K, used 13293K [0x00000000a0400000, 0x00000000a43e0000, 0x00000000e0160000)
  object space 65408K, 20% used [0x00000000a0400000,0x00000000a10fb6d8,0x00000000a43e0000)
 PSPermGen       total 21248K, used 21031K [0x000000009b200000, 0x000000009c6c0000, 0x00000000a0400000)
  object space 21248K, 98% used [0x000000009b200000,0x000000009c689cb0,0x000000009c6c0000)
}
Event: 15.247 GC heap before
{Heap before GC invocations=5 (full 0):
 PSYoungGen      total 53184K, used 52026K [0x00000000e0160000, 0x00000000e3940000, 0x0000000100000000)
  eden space 49152K, 99% used [0x00000000e0160000,0x00000000e315d4d8,0x00000000e3160000)
  from space 4032K, 71% used [0x00000000e3550000,0x00000000e3821400,0x00000000e3940000)
  to   space 4032K, 0% used [0x00000000e3160000,0x00000000e3160000,0x00000000e3550000)
 ParOldGen       total 65408K, used 13293K [0x00000000a0400000, 0x00000000a43e0000, 0x00000000e0160000)
  object space 65408K, 20% used [0x00000000a0400000,0x00000000a10fb6d8,0x00000000a43e0000)
 PSPermGen       total 21248K, used 21031K [0x000000009b200000, 0x000000009c6c0000, 0x00000000a0400000)
  object space 21248K, 98% used [0x000000009b200000,0x000000009c689cb0,0x000000009c6c0000)
Event: 15.252 GC heap after
Heap after GC invocations=5 (full 0):
 PSYoungGen      total 53184K, used 2869K [0x00000000e0160000, 0x00000000e73e0000, 0x0000000100000000)
  eden space 49152K, 0% used [0x00000000e0160000,0x00000000e0160000,0x00000000e3160000)
  from space 4032K, 71% used [0x00000000e3160000,0x00000000e342d670,0x00000000e3550000)
  to   space 9472K, 0% used [0x00000000e6aa0000,0x00000000e6aa0000,0x00000000e73e0000)
 ParOldGen       total 65408K, used 16046K [0x00000000a0400000, 0x00000000a43e0000, 0x00000000e0160000)
  object space 65408K, 24% used [0x00000000a0400000,0x00000000a13ab8b8,0x00000000a43e0000)
 PSPermGen       total 21248K, used 21031K [0x000000009b200000, 0x000000009c6c0000, 0x00000000a0400000)
  object space 21248K, 98% used [0x000000009b200000,0x000000009c689cb0,0x000000009c6c0000)
}
Event: 15.264 GC heap before
{Heap before GC invocations=6 (full 0):
 PSYoungGen      total 53184K, used 51963K [0x00000000e0160000, 0x00000000e73e0000, 0x0000000100000000)
  eden space 49152K, 99% used [0x00000000e0160000,0x00000000e31516c0,0x00000000e3160000)
  from space 4032K, 71% used [0x00000000e3160000,0x00000000e342d670,0x00000000e3550000)
  to   space 9472K, 0% used [0x00000000e6aa0000,0x00000000e6aa0000,0x00000000e73e0000)
 ParOldGen       total 65408K, used 16046K [0x00000000a0400000, 0x00000000a43e0000, 0x00000000e0160000)
  object space 65408K, 24% used [0x00000000a0400000,0x00000000a13ab8b8,0x00000000a43e0000)
 PSPermGen       total 21248K, used 21031K [0x000000009b200000, 0x000000009c6c0000, 0x00000000a0400000)
  object space 21248K, 98% used [0x000000009b200000,0x000000009c689cb0,0x000000009c6c0000)
Event: 15.267 GC heap after
Heap after GC invocations=6 (full 0):
 PSYoungGen      total 107712K, used 1426K [0x00000000e0160000, 0x00000000e7400000, 0x0000000100000000)
  eden space 98240K, 0% used [0x00000000e0160000,0x00000000e0160000,0x00000000e6150000)
  from space 9472K, 15% used [0x00000000e6aa0000,0x00000000e6c04be0,0x00000000e73e0000)
  to   space 9536K, 0% used [0x00000000e6150000,0x00000000e6150000,0x00000000e6aa0000)
 ParOldGen       total 65408K, used 16046K [0x00000000a0400000, 0x00000000a43e0000, 0x00000000e0160000)
  object space 65408K, 24% used [0x00000000a0400000,0x00000000a13ab8b8,0x00000000a43e0000)
 PSPermGen       total 21248K, used 21031K [0x000000009b200000, 0x000000009c6c0000, 0x00000000a0400000)
  object space 21248K, 98% used [0x000000009b200000,0x000000009c689cb0,0x000000009c6c0000)
}
Event: 15.302 GC heap before
{Heap before GC invocations=7 (full 0):
 PSYoungGen      total 107712K, used 99598K [0x00000000e0160000, 0x00000000e7400000, 0x0000000100000000)
  eden space 98240K, 99% used [0x00000000e0160000,0x00000000e613ece0,0x00000000e6150000)
  from space 9472K, 15% used [0x00000000e6aa0000,0x00000000e6c04be0,0x00000000e73e0000)
  to   space 9536K, 0% used [0x00000000e6150000,0x00000000e6150000,0x00000000e6aa0000)
 ParOldGen       total 65408K, used 16046K [0x00000000a0400000, 0x00000000a43e0000, 0x00000000e0160000)
  object space 65408K, 24% used [0x00000000a0400000,0x00000000a13ab8b8,0x00000000a43e0000)
 PSPermGen       total 21248K, used 21031K [0x000000009b200000, 0x000000009c6c0000, 0x00000000a0400000)
  object space 21248K, 98% used [0x000000009b200000,0x000000009c689cb0,0x000000009c6c0000)
Event: 15.306 GC heap after
Heap after GC invocations=7 (full 0):
 PSYoungGen      total 107776K, used 188K [0x00000000e0160000, 0x00000000ed440000, 0x0000000100000000)
  eden space 98240K, 0% used [0x00000000e0160000,0x00000000e0160000,0x00000000e6150000)
  from space 9536K, 1% used [0x00000000e6150000,0x00000000e617f020,0x00000000e6aa0000)
  to   space 9728K, 0% used [0x00000000ecac0000,0x00000000ecac0000,0x00000000ed440000)
 ParOldGen       total 65408K, used 17319K [0x00000000a0400000, 0x00000000a43e0000, 0x00000000e0160000)
  object space 65408K, 26% used [0x00000000a0400000,0x00000000a14e9c40,0x00000000a43e0000)
 PSPermGen       total 21248K, used 21031K [0x000000009b200000, 0x000000009c6c0000, 0x00000000a0400000)
  object space 21248K, 98% used [0x000000009b200000,0x000000009c689cb0,0x000000009c6c0000)
}

