# JRE version: 7.0_09-b05
# Java VM: Java HotSpot(TM) 64-Bit Server VM (23.5-b02 mixed mode windows-amd64 compressed oops)
Heap
 PSYoungGen      total 107008K, used 19521K [0x00000000e0160000, 0x00000000ed460000, 0x0000000100000000)
  eden space 98304K, 19% used [0x00000000e0160000,0x00000000e14125f0,0x00000000e6160000)
  from space 8704K, 4% used [0x00000000e6160000,0x00000000e61bde90,0x00000000e69e0000)
  to   space 9728K, 0% used [0x00000000ecae0000,0x00000000ecae0000,0x00000000ed460000)
 ParOldGen       total 65408K, used 18599K [0x00000000a0400000, 0x00000000a43e0000, 0x00000000e0160000)
  object space 65408K, 28% used [0x00000000a0400000,0x00000000a1629ce8,0x00000000a43e0000)
 PSPermGen       total 22400K, used 22355K [0x000000009b200000, 0x000000009c7e0000, 0x00000000a0400000)
  object space 22400K, 99% used [0x000000009b200000,0x000000009c7d4f60,0x000000009c7e0000)
GC Heap History (10 events):
Event: 16.200 GC heap before
{Heap before GC invocations=3 (full 0):
 PSYoungGen      total 28608K, used 28546K [0x00000000e0160000, 0x00000000e2140000, 0x0000000100000000)
  eden space 24576K, 99% used [0x00000000e0160000,0x00000000e1952778,0x00000000e1960000)
  from space 4032K, 99% used [0x00000000e1d50000,0x00000000e213e100,0x00000000e2140000)
  to   space 4032K, 0% used [0x00000000e1960000,0x00000000e1960000,0x00000000e1d50000)
 ParOldGen       total 65408K, used 6227K [0x00000000a0400000, 0x00000000a43e0000, 0x00000000e0160000)
  object space 65408K, 9% used [0x00000000a0400000,0x00000000a0a14ef0,0x00000000a43e0000)
 PSPermGen       total 21248K, used 21027K [0x000000009b200000, 0x000000009c6c0000, 0x00000000a0400000)
  object space 21248K, 98% used [0x000000009b200000,0x000000009c688cf8,0x000000009c6c0000)
Event: 16.206 GC heap after
Heap after GC invocations=3 (full 0):
 PSYoungGen      total 28608K, used 4010K [0x00000000e0160000, 0x00000000e3940000, 0x0000000100000000)
  eden space 24576K, 0% used [0x00000000e0160000,0x00000000e0160000,0x00000000e1960000)
  from space 4032K, 99% used [0x00000000e1960000,0x00000000e1d4ab78,0x00000000e1d50000)
  to   space 4032K, 0% used [0x00000000e3550000,0x00000000e3550000,0x00000000e3940000)
 ParOldGen       total 65408K, used 6339K [0x00000000a0400000, 0x00000000a43e0000, 0x00000000e0160000)
  object space 65408K, 9% used [0x00000000a0400000,0x00000000a0a30ef0,0x00000000a43e0000)
 PSPermGen       total 21248K, used 21027K [0x000000009b200000, 0x000000009c6c0000, 0x00000000a0400000)
  object space 21248K, 98% used [0x000000009b200000,0x000000009c688cf8,0x000000009c6c0000)
}
Event: 16.212 GC heap before
{Heap before GC invocations=4 (full 0):
 PSYoungGen      total 28608K, used 28511K [0x00000000e0160000, 0x00000000e3940000, 0x0000000100000000)
  eden space 24576K, 99% used [0x00000000e0160000,0x00000000e194d1c0,0x00000000e1960000)
  from space 4032K, 99% used [0x00000000e1960000,0x00000000e1d4ab78,0x00000000e1d50000)
  to   space 4032K, 0% used [0x00000000e3550000,0x00000000e3550000,0x00000000e3940000)
 ParOldGen       total 65408K, used 6339K [0x00000000a0400000, 0x00000000a43e0000, 0x00000000e0160000)
  object space 65408K, 9% used [0x00000000a0400000,0x00000000a0a30ef0,0x00000000a43e0000)
 PSPermGen       total 21248K, used 21027K [0x000000009b200000, 0x000000009c6c0000, 0x00000000a0400000)
  object space 21248K, 98% used [0x000000009b200000,0x000000009c688cf8,0x000000009c6c0000)
Event: 16.218 GC heap after
Heap after GC invocations=4 (full 0):
 PSYoungGen      total 53184K, used 4016K [0x00000000e0160000, 0x00000000e3940000, 0x0000000100000000)
  eden space 49152K, 0% used [0x00000000e0160000,0x00000000e0160000,0x00000000e3160000)
  from space 4032K, 99% used [0x00000000e3550000,0x00000000e393c370,0x00000000e3940000)
  to   space 4032K, 0% used [0x00000000e3160000,0x00000000e3160000,0x00000000e3550000)
 ParOldGen       total 65408K, used 9212K [0x00000000a0400000, 0x00000000a43e0000, 0x00000000e0160000)
  object space 65408K, 14% used [0x00000000a0400000,0x00000000a0cff0d0,0x00000000a43e0000)
 PSPermGen       total 21248K, used 21027K [0x000000009b200000, 0x000000009c6c0000, 0x00000000a0400000)
  object space 21248K, 98% used [0x000000009b200000,0x000000009c688cf8,0x000000009c6c0000)
}
Event: 16.234 GC heap before
{Heap before GC invocations=5 (full 0):
 PSYoungGen      total 53184K, used 53097K [0x00000000e0160000, 0x00000000e3940000, 0x0000000100000000)
  eden space 49152K, 99% used [0x00000000e0160000,0x00000000e314e2e8,0x00000000e3160000)
  from space 4032K, 99% used [0x00000000e3550000,0x00000000e393c370,0x00000000e3940000)
  to   space 4032K, 0% used [0x00000000e3160000,0x00000000e3160000,0x00000000e3550000)
 ParOldGen       total 65408K, used 9212K [0x00000000a0400000, 0x00000000a43e0000, 0x00000000e0160000)
  object space 65408K, 14% used [0x00000000a0400000,0x00000000a0cff0d0,0x00000000a43e0000)
 PSPermGen       total 21248K, used 21027K [0x000000009b200000, 0x000000009c6c0000, 0x00000000a0400000)
  object space 21248K, 98% used [0x000000009b200000,0x000000009c688cf8,0x000000009c6c0000)
Event: 16.240 GC heap after
Heap after GC invocations=5 (full 0):
 PSYoungGen      total 53184K, used 4017K [0x00000000e0160000, 0x00000000e72c0000, 0x0000000100000000)
  eden space 49152K, 0% used [0x00000000e0160000,0x00000000e0160000,0x00000000e3160000)
  from space 4032K, 99% used [0x00000000e3160000,0x00000000e354c638,0x00000000e3550000)
  to   space 8896K, 0% used [0x00000000e6a10000,0x00000000e6a10000,0x00000000e72c0000)
 ParOldGen       total 65408K, used 11988K [0x00000000a0400000, 0x00000000a43e0000, 0x00000000e0160000)
  object space 65408K, 18% used [0x00000000a0400000,0x00000000a0fb52b0,0x00000000a43e0000)
 PSPermGen       total 21248K, used 21027K [0x000000009b200000, 0x000000009c6c0000, 0x00000000a0400000)
  object space 21248K, 98% used [0x000000009b200000,0x000000009c688cf8,0x000000009c6c0000)
}
Event: 16.251 GC heap before
{Heap before GC invocations=6 (full 0):
 PSYoungGen      total 53184K, used 53155K [0x00000000e0160000, 0x00000000e72c0000, 0x0000000100000000)
  eden space 49152K, 99% used [0x00000000e0160000,0x00000000e315c988,0x00000000e3160000)
  from space 4032K, 99% used [0x00000000e3160000,0x00000000e354c638,0x00000000e3550000)
  to   space 8896K, 0% used [0x00000000e6a10000,0x00000000e6a10000,0x00000000e72c0000)
 ParOldGen       total 65408K, used 11988K [0x00000000a0400000, 0x00000000a43e0000, 0x00000000e0160000)
  object space 65408K, 18% used [0x00000000a0400000,0x00000000a0fb52b0,0x00000000a43e0000)
 PSPermGen       total 21248K, used 21027K [0x000000009b200000, 0x000000009c6c0000, 0x00000000a0400000)
  object space 21248K, 98% used [0x000000009b200000,0x000000009c688cf8,0x000000009c6c0000)
Event: 16.257 GC heap after
Heap after GC invocations=6 (full 0):
 PSYoungGen      total 106816K, used 6787K [0x00000000e0160000, 0x00000000e7260000, 0x0000000100000000)
  eden space 98304K, 0% used [0x00000000e0160000,0x00000000e0160000,0x00000000e6160000)
  from space 8512K, 79% used [0x00000000e6a10000,0x00000000e70b0ec0,0x00000000e7260000)
  to   space 8704K, 0% used [0x00000000e6160000,0x00000000e6160000,0x00000000e69e0000)
 ParOldGen       total 65408K, used 11988K [0x00000000a0400000, 0x00000000a43e0000, 0x00000000e0160000)
  object space 65408K, 18% used [0x00000000a0400000,0x00000000a0fb52b0,0x00000000a43e0000)
 PSPermGen       total 21248K, used 21027K [0x000000009b200000, 0x000000009c6c0000, 0x00000000a0400000)
  object space 21248K, 98% used [0x000000009b200000,0x000000009c688cf8,0x000000009c6c0000)
}
Event: 16.293 GC heap before
{Heap before GC invocations=7 (full 0):
 PSYoungGen      total 106816K, used 104953K [0x00000000e0160000, 0x00000000e7260000, 0x0000000100000000)
  eden space 98304K, 99% used [0x00000000e0160000,0x00000000e613d658,0x00000000e6160000)
  from space 8512K, 79% used [0x00000000e6a10000,0x00000000e70b0ec0,0x00000000e7260000)
  to   space 8704K, 0% used [0x00000000e6160000,0x00000000e6160000,0x00000000e69e0000)
 ParOldGen       total 65408K, used 11988K [0x00000000a0400000, 0x00000000a43e0000, 0x00000000e0160000)
  object space 65408K, 18% used [0x00000000a0400000,0x00000000a0fb52b0,0x00000000a43e0000)
 PSPermGen       total 21248K, used 21027K [0x000000009b200000, 0x000000009c6c0000, 0x00000000a0400000)
  object space 21248K, 98% used [0x000000009b200000,0x000000009c688cf8,0x000000009c6c0000)
Event: 16.300 GC heap after
Heap after GC invocations=7 (full 0):
 PSYoungGen      total 107008K, used 375K [0x00000000e0160000, 0x00000000ed460000, 0x0000000100000000)
  eden space 98304K, 0% used [0x00000000e0160000,0x00000000e0160000,0x00000000e6160000)
  from space 8704K, 4% used [0x00000000e6160000,0x00000000e61bde90,0x00000000e69e0000)
  to   space 9728K, 0% used [0x00000000ecae0000,0x00000000ecae0000,0x00000000ed460000)
 ParOldGen       total 65408K, used 18599K [0x00000000a0400000, 0x00000000a43e0000, 0x00000000e0160000)
  object space 65408K, 28% used [0x00000000a0400000,0x00000000a1629ce8,0x00000000a43e0000)
 PSPermGen       total 21248K, used 21027K [0x000000009b200000, 0x000000009c6c0000, 0x00000000a0400000)
  object space 21248K, 98% used [0x000000009b200000,0x000000009c688cf8,0x000000009c6c0000)
}

