# JRE version: 7.0_09-b05
# Java VM: Java HotSpot(TM) 64-Bit Server VM (23.5-b02 mixed mode windows-amd64 compressed oops)
Heap
 PSYoungGen      total 108224K, used 23065K [0x00000000e0160000, 0x00000000ed5e0000, 0x0000000100000000)
  eden space 98304K, 23% used [0x00000000e0160000,0x00000000e17b7638,0x00000000e6160000)
  from space 9920K, 1% used [0x00000000e6160000,0x00000000e618ee70,0x00000000e6b10000)
  to   space 10496K, 0% used [0x00000000ecba0000,0x00000000ecba0000,0x00000000ed5e0000)
 ParOldGen       total 65408K, used 13062K [0x00000000a0400000, 0x00000000a43e0000, 0x00000000e0160000)
  object space 65408K, 19% used [0x00000000a0400000,0x00000000a10c19f8,0x00000000a43e0000)
 PSPermGen       total 21824K, used 21693K [0x000000009b200000, 0x000000009c750000, 0x00000000a0400000)
  object space 21824K, 99% used [0x000000009b200000,0x000000009c72f510,0x000000009c750000)
GC Heap History (10 events):
Event: 3.079 GC heap before
{Heap before GC invocations=3 (full 0):
 PSYoungGen      total 28608K, used 28586K [0x00000000e0160000, 0x00000000e2140000, 0x0000000100000000)
  eden space 24576K, 99% used [0x00000000e0160000,0x00000000e195cb70,0x00000000e1960000)
  from space 4032K, 99% used [0x00000000e1d50000,0x00000000e213dcd0,0x00000000e2140000)
  to   space 4032K, 0% used [0x00000000e1960000,0x00000000e1960000,0x00000000e1d50000)
 ParOldGen       total 65408K, used 9008K [0x00000000a0400000, 0x00000000a43e0000, 0x00000000e0160000)
  object space 65408K, 13% used [0x00000000a0400000,0x00000000a0ccc160,0x00000000a43e0000)
 PSPermGen       total 21248K, used 20999K [0x000000009b200000, 0x000000009c6c0000, 0x00000000a0400000)
  object space 21248K, 98% used [0x000000009b200000,0x000000009c681ed0,0x000000009c6c0000)
Event: 3.084 GC heap after
Heap after GC invocations=3 (full 0):
 PSYoungGen      total 28608K, used 4010K [0x00000000e0160000, 0x00000000e3940000, 0x0000000100000000)
  eden space 24576K, 0% used [0x00000000e0160000,0x00000000e0160000,0x00000000e1960000)
  from space 4032K, 99% used [0x00000000e1960000,0x00000000e1d4a980,0x00000000e1d50000)
  to   space 4032K, 0% used [0x00000000e3550000,0x00000000e3550000,0x00000000e3940000)
 ParOldGen       total 65408K, used 9072K [0x00000000a0400000, 0x00000000a43e0000, 0x00000000e0160000)
  object space 65408K, 13% used [0x00000000a0400000,0x00000000a0cdc160,0x00000000a43e0000)
 PSPermGen       total 21248K, used 20999K [0x000000009b200000, 0x000000009c6c0000, 0x00000000a0400000)
  object space 21248K, 98% used [0x000000009b200000,0x000000009c681ed0,0x000000009c6c0000)
}
Event: 3.090 GC heap before
{Heap before GC invocations=4 (full 0):
 PSYoungGen      total 28608K, used 28538K [0x00000000e0160000, 0x00000000e3940000, 0x0000000100000000)
  eden space 24576K, 99% used [0x00000000e0160000,0x00000000e1954080,0x00000000e1960000)
  from space 4032K, 99% used [0x00000000e1960000,0x00000000e1d4a980,0x00000000e1d50000)
  to   space 4032K, 0% used [0x00000000e3550000,0x00000000e3550000,0x00000000e3940000)
 ParOldGen       total 65408K, used 9072K [0x00000000a0400000, 0x00000000a43e0000, 0x00000000e0160000)
  object space 65408K, 13% used [0x00000000a0400000,0x00000000a0cdc160,0x00000000a43e0000)
 PSPermGen       total 21248K, used 20999K [0x000000009b200000, 0x000000009c6c0000, 0x00000000a0400000)
  object space 21248K, 98% used [0x000000009b200000,0x000000009c681ed0,0x000000009c6c0000)
Event: 3.094 GC heap after
Heap after GC invocations=4 (full 0):
 PSYoungGen      total 53184K, used 4016K [0x00000000e0160000, 0x00000000e3940000, 0x0000000100000000)
  eden space 49152K, 0% used [0x00000000e0160000,0x00000000e0160000,0x00000000e3160000)
  from space 4032K, 99% used [0x00000000e3550000,0x00000000e393c208,0x00000000e3940000)
  to   space 4032K, 0% used [0x00000000e3160000,0x00000000e3160000,0x00000000e3550000)
 ParOldGen       total 65408K, used 9104K [0x00000000a0400000, 0x00000000a43e0000, 0x00000000e0160000)
  object space 65408K, 13% used [0x00000000a0400000,0x00000000a0ce4160,0x00000000a43e0000)
 PSPermGen       total 21248K, used 20999K [0x000000009b200000, 0x000000009c6c0000, 0x00000000a0400000)
  object space 21248K, 98% used [0x000000009b200000,0x000000009c681ed0,0x000000009c6c0000)
}
Event: 3.109 GC heap before
{Heap before GC invocations=5 (full 0):
 PSYoungGen      total 53184K, used 53063K [0x00000000e0160000, 0x00000000e3940000, 0x0000000100000000)
  eden space 49152K, 99% used [0x00000000e0160000,0x00000000e3145d00,0x00000000e3160000)
  from space 4032K, 99% used [0x00000000e3550000,0x00000000e393c208,0x00000000e3940000)
  to   space 4032K, 0% used [0x00000000e3160000,0x00000000e3160000,0x00000000e3550000)
 ParOldGen       total 65408K, used 9104K [0x00000000a0400000, 0x00000000a43e0000, 0x00000000e0160000)
  object space 65408K, 13% used [0x00000000a0400000,0x00000000a0ce4160,0x00000000a43e0000)
 PSPermGen       total 21248K, used 20999K [0x000000009b200000, 0x000000009c6c0000, 0x00000000a0400000)
  object space 21248K, 98% used [0x000000009b200000,0x000000009c681ed0,0x000000009c6c0000)
Event: 3.114 GC heap after
Heap after GC invocations=5 (full 0):
 PSYoungGen      total 53184K, used 4001K [0x00000000e0160000, 0x00000000e7540000, 0x0000000100000000)
  eden space 49152K, 0% used [0x00000000e0160000,0x00000000e0160000,0x00000000e3160000)
  from space 4032K, 99% used [0x00000000e3160000,0x00000000e3548528,0x00000000e3550000)
  to   space 10176K, 0% used [0x00000000e6b50000,0x00000000e6b50000,0x00000000e7540000)
 ParOldGen       total 65408K, used 9152K [0x00000000a0400000, 0x00000000a43e0000, 0x00000000e0160000)
  object space 65408K, 13% used [0x00000000a0400000,0x00000000a0cf0160,0x00000000a43e0000)
 PSPermGen       total 21248K, used 20999K [0x000000009b200000, 0x000000009c6c0000, 0x00000000a0400000)
  object space 21248K, 98% used [0x000000009b200000,0x000000009c681ed0,0x000000009c6c0000)
}
Event: 3.125 GC heap before
{Heap before GC invocations=6 (full 0):
 PSYoungGen      total 53184K, used 53047K [0x00000000e0160000, 0x00000000e7540000, 0x0000000100000000)
  eden space 49152K, 99% used [0x00000000e0160000,0x00000000e3145990,0x00000000e3160000)
  from space 4032K, 99% used [0x00000000e3160000,0x00000000e3548528,0x00000000e3550000)
  to   space 10176K, 0% used [0x00000000e6b50000,0x00000000e6b50000,0x00000000e7540000)
 ParOldGen       total 65408K, used 9152K [0x00000000a0400000, 0x00000000a43e0000, 0x00000000e0160000)
  object space 65408K, 13% used [0x00000000a0400000,0x00000000a0cf0160,0x00000000a43e0000)
 PSPermGen       total 21248K, used 20999K [0x000000009b200000, 0x000000009c6c0000, 0x00000000a0400000)
  object space 21248K, 98% used [0x000000009b200000,0x000000009c681ed0,0x000000009c6c0000)
Event: 3.130 GC heap after
Heap after GC invocations=6 (full 0):
 PSYoungGen      total 107968K, used 4074K [0x00000000e0160000, 0x00000000e74c0000, 0x0000000100000000)
  eden space 98304K, 0% used [0x00000000e0160000,0x00000000e0160000,0x00000000e6160000)
  from space 9664K, 42% used [0x00000000e6b50000,0x00000000e6f4abe0,0x00000000e74c0000)
  to   space 9920K, 0% used [0x00000000e6160000,0x00000000e6160000,0x00000000e6b10000)
 ParOldGen       total 65408K, used 9152K [0x00000000a0400000, 0x00000000a43e0000, 0x00000000e0160000)
  object space 65408K, 13% used [0x00000000a0400000,0x00000000a0cf0160,0x00000000a43e0000)
 PSPermGen       total 21248K, used 20999K [0x000000009b200000, 0x000000009c6c0000, 0x00000000a0400000)
  object space 21248K, 98% used [0x000000009b200000,0x000000009c681ed0,0x000000009c6c0000)
}
Event: 3.159 GC heap before
{Heap before GC invocations=7 (full 0):
 PSYoungGen      total 107968K, used 102266K [0x00000000e0160000, 0x00000000e74c0000, 0x0000000100000000)
  eden space 98304K, 99% used [0x00000000e0160000,0x00000000e6143d38,0x00000000e6160000)
  from space 9664K, 42% used [0x00000000e6b50000,0x00000000e6f4abe0,0x00000000e74c0000)
  to   space 9920K, 0% used [0x00000000e6160000,0x00000000e6160000,0x00000000e6b10000)
 ParOldGen       total 65408K, used 9152K [0x00000000a0400000, 0x00000000a43e0000, 0x00000000e0160000)
  object space 65408K, 13% used [0x00000000a0400000,0x00000000a0cf0160,0x00000000a43e0000)
 PSPermGen       total 21248K, used 20999K [0x000000009b200000, 0x000000009c6c0000, 0x00000000a0400000)
  object space 21248K, 98% used [0x000000009b200000,0x000000009c681ed0,0x000000009c6c0000)
Event: 3.164 GC heap after
Heap after GC invocations=7 (full 0):
 PSYoungGen      total 108224K, used 187K [0x00000000e0160000, 0x00000000ed5e0000, 0x0000000100000000)
  eden space 98304K, 0% used [0x00000000e0160000,0x00000000e0160000,0x00000000e6160000)
  from space 9920K, 1% used [0x00000000e6160000,0x00000000e618ee70,0x00000000e6b10000)
  to   space 10496K, 0% used [0x00000000ecba0000,0x00000000ecba0000,0x00000000ed5e0000)
 ParOldGen       total 65408K, used 13062K [0x00000000a0400000, 0x00000000a43e0000, 0x00000000e0160000)
  object space 65408K, 19% used [0x00000000a0400000,0x00000000a10c19f8,0x00000000a43e0000)
 PSPermGen       total 21248K, used 20999K [0x000000009b200000, 0x000000009c6c0000, 0x00000000a0400000)
  object space 21248K, 98% used [0x000000009b200000,0x000000009c681ed0,0x000000009c6c0000)
}

