# JRE version: 7.0_09-b05
# Java VM: Java HotSpot(TM) Client VM (23.5-b02 mixed mode, sharing windows-x86 )
Heap
 def new generation   total 4928K, used 2936K [0x24280000, 0x247d0000, 0x297d0000)
  eden space 4416K,  54% used [0x24280000, 0x244de288, 0x246d0000)
  from space 512K, 100% used [0x24750000, 0x247d0000, 0x247d0000)
  to   space 512K,   0% used [0x246d0000, 0x246d0000, 0x24750000)
 tenured generation   total 10944K, used 9832K [0x297d0000, 0x2a280000, 0x34280000)
   the space 10944K,  89% used [0x297d0000, 0x2a16a368, 0x2a16a400, 0x2a280000)
 compacting perm gen  total 12288K, used 7262K [0x34280000, 0x34e80000, 0x38280000)
   the space 12288K,  59% used [0x34280000, 0x34997930, 0x34997a00, 0x34e80000)
    ro space 10240K,  42% used [0x38280000, 0x386c0348, 0x386c0400, 0x38c80000)
    rw space 12288K,  54% used [0x38c80000, 0x393006f0, 0x39300800, 0x39880000)
GC Heap History (10 events):
Event: 21.179 GC heap before
{Heap before GC invocations=64 (full 0):
 def new generation   total 4928K, used 4441K [0x24280000, 0x247d0000, 0x297d0000)
  eden space 4416K,  96% used [0x24280000, 0x246a8588, 0x246d0000)
  from space 512K,  35% used [0x246d0000, 0x246fe058, 0x24750000)
  to   space 512K,   0% used [0x24750000, 0x24750000, 0x247d0000)
 tenured generation   total 10944K, used 9378K [0x297d0000, 0x2a280000, 0x34280000)
   the space 10944K,  85% used [0x297d0000, 0x2a0f8978, 0x2a0f8a00, 0x2a280000)
 compacting perm gen  total 12288K, used 7027K [0x34280000, 0x34e80000, 0x38280000)
   the space 12288K,  57% used [0x34280000, 0x3495cea0, 0x3495d000, 0x34e80000)
    ro space 10240K,  42% used [0x38280000, 0x386c0348, 0x386c0400, 0x38c80000)
    rw space 12288K,  54% used [0x38c80000, 0x393006f0, 0x39300800, 0x39880000)
Event: 21.180 GC heap after
Heap after GC invocations=65 (full 0):
 def new generation   total 4928K, used 185K [0x24280000, 0x247d0000, 0x297d0000)
  eden space 4416K,   0% used [0x24280000, 0x24280000, 0x246d0000)
  from space 512K,  36% used [0x24750000, 0x2477e6d0, 0x247d0000)
  to   space 512K,   0% used [0x246d0000, 0x246d0000, 0x24750000)
 tenured generation   total 10944K, used 9378K [0x297d0000, 0x2a280000, 0x34280000)
   the space 10944K,  85% used [0x297d0000, 0x2a0f8978, 0x2a0f8a00, 0x2a280000)
 compacting perm gen  total 12288K, used 7027K [0x34280000, 0x34e80000, 0x38280000)
   the space 12288K,  57% used [0x34280000, 0x3495cea0, 0x3495d000, 0x34e80000)
    ro space 10240K,  42% used [0x38280000, 0x386c0348, 0x386c0400, 0x38c80000)
    rw space 12288K,  54% used [0x38c80000, 0x393006f0, 0x39300800, 0x39880000)
}
Event: 21.182 GC heap before
{Heap before GC invocations=65 (full 0):
 def new generation   total 4928K, used 4478K [0x24280000, 0x247d0000, 0x297d0000)
  eden space 4416K,  97% used [0x24280000, 0x246b1250, 0x246d0000)
  from space 512K,  36% used [0x24750000, 0x2477e6d0, 0x247d0000)
  to   space 512K,   0% used [0x246d0000, 0x246d0000, 0x24750000)
 tenured generation   total 10944K, used 9378K [0x297d0000, 0x2a280000, 0x34280000)
   the space 10944K,  85% used [0x297d0000, 0x2a0f8978, 0x2a0f8a00, 0x2a280000)
 compacting perm gen  total 12288K, used 7027K [0x34280000, 0x34e80000, 0x38280000)
   the space 12288K,  57% used [0x34280000, 0x3495cea0, 0x3495d000, 0x34e80000)
    ro space 10240K,  42% used [0x38280000, 0x386c0348, 0x386c0400, 0x38c80000)
    rw space 12288K,  54% used [0x38c80000, 0x393006f0, 0x39300800, 0x39880000)
Event: 21.183 GC heap after
Heap after GC invocations=66 (full 0):
 def new generation   total 4928K, used 187K [0x24280000, 0x247d0000, 0x297d0000)
  eden space 4416K,   0% used [0x24280000, 0x24280000, 0x246d0000)
  from space 512K,  36% used [0x246d0000, 0x246fed48, 0x24750000)
  to   space 512K,   0% used [0x24750000, 0x24750000, 0x247d0000)
 tenured generation   total 10944K, used 9378K [0x297d0000, 0x2a280000, 0x34280000)
   the space 10944K,  85% used [0x297d0000, 0x2a0f8978, 0x2a0f8a00, 0x2a280000)
 compacting perm gen  total 12288K, used 7027K [0x34280000, 0x34e80000, 0x38280000)
   the space 12288K,  57% used [0x34280000, 0x3495cea0, 0x3495d000, 0x34e80000)
    ro space 10240K,  42% used [0x38280000, 0x386c0348, 0x386c0400, 0x38c80000)
    rw space 12288K,  54% used [0x38c80000, 0x393006f0, 0x39300800, 0x39880000)
}
Event: 21.185 GC heap before
{Heap before GC invocations=66 (full 0):
 def new generation   total 4928K, used 4517K [0x24280000, 0x247d0000, 0x297d0000)
  eden space 4416K,  98% used [0x24280000, 0x246ba718, 0x246d0000)
  from space 512K,  36% used [0x246d0000, 0x246fed48, 0x24750000)
  to   space 512K,   0% used [0x24750000, 0x24750000, 0x247d0000)
 tenured generation   total 10944K, used 9378K [0x297d0000, 0x2a280000, 0x34280000)
   the space 10944K,  85% used [0x297d0000, 0x2a0f8978, 0x2a0f8a00, 0x2a280000)
 compacting perm gen  total 12288K, used 7027K [0x34280000, 0x34e80000, 0x38280000)
   the space 12288K,  57% used [0x34280000, 0x3495cea0, 0x3495d000, 0x34e80000)
    ro space 10240K,  42% used [0x38280000, 0x386c0348, 0x386c0400, 0x38c80000)
    rw space 12288K,  54% used [0x38c80000, 0x393006f0, 0x39300800, 0x39880000)
Event: 21.186 GC heap after
Heap after GC invocations=67 (full 0):
 def new generation   total 4928K, used 188K [0x24280000, 0x247d0000, 0x297d0000)
  eden space 4416K,   0% used [0x24280000, 0x24280000, 0x246d0000)
  from space 512K,  36% used [0x24750000, 0x2477f3c0, 0x247d0000)
  to   space 512K,   0% used [0x246d0000, 0x246d0000, 0x24750000)
 tenured generation   total 10944K, used 9378K [0x297d0000, 0x2a280000, 0x34280000)
   the space 10944K,  85% used [0x297d0000, 0x2a0f8978, 0x2a0f8a00, 0x2a280000)
 compacting perm gen  total 12288K, used 7027K [0x34280000, 0x34e80000, 0x38280000)
   the space 12288K,  57% used [0x34280000, 0x3495cea0, 0x3495d000, 0x34e80000)
    ro space 10240K,  42% used [0x38280000, 0x386c0348, 0x386c0400, 0x38c80000)
    rw space 12288K,  54% used [0x38c80000, 0x393006f0, 0x39300800, 0x39880000)
}
Event: 21.286 GC heap before
{Heap before GC invocations=67 (full 0):
 def new generation   total 4928K, used 4604K [0x24280000, 0x247d0000, 0x297d0000)
  eden space 4416K, 100% used [0x24280000, 0x246d0000, 0x246d0000)
  from space 512K,  36% used [0x24750000, 0x2477f3c0, 0x247d0000)
  to   space 512K,   0% used [0x246d0000, 0x246d0000, 0x24750000)
 tenured generation   total 10944K, used 9378K [0x297d0000, 0x2a280000, 0x34280000)
   the space 10944K,  85% used [0x297d0000, 0x2a0f8978, 0x2a0f8a00, 0x2a280000)
 compacting perm gen  total 12288K, used 7044K [0x34280000, 0x34e80000, 0x38280000)
   the space 12288K,  57% used [0x34280000, 0x34961380, 0x34961400, 0x34e80000)
    ro space 10240K,  42% used [0x38280000, 0x386c0348, 0x386c0400, 0x38c80000)
    rw space 12288K,  54% used [0x38c80000, 0x393006f0, 0x39300800, 0x39880000)
Event: 21.288 GC heap after
Heap after GC invocations=68 (full 0):
 def new generation   total 4928K, used 389K [0x24280000, 0x247d0000, 0x297d0000)
  eden space 4416K,   0% used [0x24280000, 0x24280000, 0x246d0000)
  from space 512K,  76% used [0x246d0000, 0x24731548, 0x24750000)
  to   space 512K,   0% used [0x24750000, 0x24750000, 0x247d0000)
 tenured generation   total 10944K, used 9378K [0x297d0000, 0x2a280000, 0x34280000)
   the space 10944K,  85% used [0x297d0000, 0x2a0f8978, 0x2a0f8a00, 0x2a280000)
 compacting perm gen  total 12288K, used 7044K [0x34280000, 0x34e80000, 0x38280000)
   the space 12288K,  57% used [0x34280000, 0x34961380, 0x34961400, 0x34e80000)
    ro space 10240K,  42% used [0x38280000, 0x386c0348, 0x386c0400, 0x38c80000)
    rw space 12288K,  54% used [0x38c80000, 0x393006f0, 0x39300800, 0x39880000)
}
Event: 21.598 GC heap before
{Heap before GC invocations=68 (full 0):
 def new generation   total 4928K, used 4800K [0x24280000, 0x247d0000, 0x297d0000)
  eden space 4416K,  99% used [0x24280000, 0x246ced98, 0x246d0000)
  from space 512K,  76% used [0x246d0000, 0x24731548, 0x24750000)
  to   space 512K,   0% used [0x24750000, 0x24750000, 0x247d0000)
 tenured generation   total 10944K, used 9378K [0x297d0000, 0x2a280000, 0x34280000)
   the space 10944K,  85% used [0x297d0000, 0x2a0f8978, 0x2a0f8a00, 0x2a280000)
 compacting perm gen  total 12288K, used 7163K [0x34280000, 0x34e80000, 0x38280000)
   the space 12288K,  58% used [0x34280000, 0x3497ef68, 0x3497f000, 0x34e80000)
    ro space 10240K,  42% used [0x38280000, 0x386c0348, 0x386c0400, 0x38c80000)
    rw space 12288K,  54% used [0x38c80000, 0x393006f0, 0x39300800, 0x39880000)
Event: 21.603 GC heap after
Heap after GC invocations=69 (full 0):
 def new generation   total 4928K, used 512K [0x24280000, 0x247d0000, 0x297d0000)
  eden space 4416K,   0% used [0x24280000, 0x24280000, 0x246d0000)
  from space 512K, 100% used [0x24750000, 0x247d0000, 0x247d0000)
  to   space 512K,   0% used [0x246d0000, 0x246d0000, 0x24750000)
 tenured generation   total 10944K, used 9832K [0x297d0000, 0x2a280000, 0x34280000)
   the space 10944K,  89% used [0x297d0000, 0x2a16a368, 0x2a16a400, 0x2a280000)
 compacting perm gen  total 12288K, used 7163K [0x34280000, 0x34e80000, 0x38280000)
   the space 12288K,  58% used [0x34280000, 0x3497ef68, 0x3497f000, 0x34e80000)
    ro space 10240K,  42% used [0x38280000, 0x386c0348, 0x386c0400, 0x38c80000)
    rw space 12288K,  54% used [0x38c80000, 0x393006f0, 0x39300800, 0x39880000)
}

