# JRE version: 7.0_09-b05
# Java VM: Java HotSpot(TM) 64-Bit Server VM (23.5-b02 mixed mode windows-amd64 compressed oops)
Heap
 PSYoungGen      total 107904K, used 19034K [0x00000000e0160000, 0x00000000ed500000, 0x0000000100000000)
  eden space 98240K, 19% used [0x00000000e0160000,0x00000000e13b7aa0,0x00000000e6150000)
  from space 9664K, 2% used [0x00000000e6150000,0x00000000e618ee70,0x00000000e6ac0000)
  to   space 10112K, 0% used [0x00000000ecb20000,0x00000000ecb20000,0x00000000ed500000)
 ParOldGen       total 65408K, used 11745K [0x00000000a0400000, 0x00000000a43e0000, 0x00000000e0160000)
  object space 65408K, 17% used [0x00000000a0400000,0x00000000a0f78680,0x00000000a43e0000)
 PSPermGen       total 22400K, used 22358K [0x000000009b200000, 0x000000009c7e0000, 0x00000000a0400000)
  object space 22400K, 99% used [0x000000009b200000,0x000000009c7d5b10,0x000000009c7e0000)
GC Heap History (10 events):
Event: 3.952 GC heap before
{Heap before GC invocations=3 (full 0):
 PSYoungGen      total 28608K, used 28572K [0x00000000e0160000, 0x00000000e2140000, 0x0000000100000000)
  eden space 24576K, 99% used [0x00000000e0160000,0x00000000e19586a8,0x00000000e1960000)
  from space 4032K, 99% used [0x00000000e1d50000,0x00000000e213ecc0,0x00000000e2140000)
  to   space 4032K, 0% used [0x00000000e1960000,0x00000000e1960000,0x00000000e1d50000)
 ParOldGen       total 65408K, used 6362K [0x00000000a0400000, 0x00000000a43e0000, 0x00000000e0160000)
  object space 65408K, 9% used [0x00000000a0400000,0x00000000a0a36bc0,0x00000000a43e0000)
 PSPermGen       total 21248K, used 21028K [0x000000009b200000, 0x000000009c6c0000, 0x00000000a0400000)
  object space 21248K, 98% used [0x000000009b200000,0x000000009c6891c8,0x000000009c6c0000)
Event: 3.957 GC heap after
Heap after GC invocations=3 (full 0):
 PSYoungGen      total 28608K, used 4004K [0x00000000e0160000, 0x00000000e3940000, 0x0000000100000000)
  eden space 24576K, 0% used [0x00000000e0160000,0x00000000e0160000,0x00000000e1960000)
  from space 4032K, 99% used [0x00000000e1960000,0x00000000e1d492e0,0x00000000e1d50000)
  to   space 4032K, 0% used [0x00000000e3550000,0x00000000e3550000,0x00000000e3940000)
 ParOldGen       total 65408K, used 6418K [0x00000000a0400000, 0x00000000a43e0000, 0x00000000e0160000)
  object space 65408K, 9% used [0x00000000a0400000,0x00000000a0a44bc0,0x00000000a43e0000)
 PSPermGen       total 21248K, used 21028K [0x000000009b200000, 0x000000009c6c0000, 0x00000000a0400000)
  object space 21248K, 98% used [0x000000009b200000,0x000000009c6891c8,0x000000009c6c0000)
}
Event: 3.963 GC heap before
{Heap before GC invocations=4 (full 0):
 PSYoungGen      total 28608K, used 28571K [0x00000000e0160000, 0x00000000e3940000, 0x0000000100000000)
  eden space 24576K, 99% used [0x00000000e0160000,0x00000000e195db78,0x00000000e1960000)
  from space 4032K, 99% used [0x00000000e1960000,0x00000000e1d492e0,0x00000000e1d50000)
  to   space 4032K, 0% used [0x00000000e3550000,0x00000000e3550000,0x00000000e3940000)
 ParOldGen       total 65408K, used 6418K [0x00000000a0400000, 0x00000000a43e0000, 0x00000000e0160000)
  object space 65408K, 9% used [0x00000000a0400000,0x00000000a0a44bc0,0x00000000a43e0000)
 PSPermGen       total 21248K, used 21028K [0x000000009b200000, 0x000000009c6c0000, 0x00000000a0400000)
  object space 21248K, 98% used [0x000000009b200000,0x000000009c6891c8,0x000000009c6c0000)
Event: 3.968 GC heap after
Heap after GC invocations=4 (full 0):
 PSYoungGen      total 53184K, used 4010K [0x00000000e0160000, 0x00000000e3940000, 0x0000000100000000)
  eden space 49152K, 0% used [0x00000000e0160000,0x00000000e0160000,0x00000000e3160000)
  from space 4032K, 99% used [0x00000000e3550000,0x00000000e393aab0,0x00000000e3940000)
  to   space 4032K, 0% used [0x00000000e3160000,0x00000000e3160000,0x00000000e3550000)
 ParOldGen       total 65408K, used 9227K [0x00000000a0400000, 0x00000000a43e0000, 0x00000000e0160000)
  object space 65408K, 14% used [0x00000000a0400000,0x00000000a0d02da0,0x00000000a43e0000)
 PSPermGen       total 21248K, used 21028K [0x000000009b200000, 0x000000009c6c0000, 0x00000000a0400000)
  object space 21248K, 98% used [0x000000009b200000,0x000000009c6891c8,0x000000009c6c0000)
}
Event: 3.982 GC heap before
{Heap before GC invocations=5 (full 0):
 PSYoungGen      total 53184K, used 53130K [0x00000000e0160000, 0x00000000e3940000, 0x0000000100000000)
  eden space 49152K, 99% used [0x00000000e0160000,0x00000000e3157d78,0x00000000e3160000)
  from space 4032K, 99% used [0x00000000e3550000,0x00000000e393aab0,0x00000000e3940000)
  to   space 4032K, 0% used [0x00000000e3160000,0x00000000e3160000,0x00000000e3550000)
 ParOldGen       total 65408K, used 9227K [0x00000000a0400000, 0x00000000a43e0000, 0x00000000e0160000)
  object space 65408K, 14% used [0x00000000a0400000,0x00000000a0d02da0,0x00000000a43e0000)
 PSPermGen       total 21248K, used 21028K [0x000000009b200000, 0x000000009c6c0000, 0x00000000a0400000)
  object space 21248K, 98% used [0x000000009b200000,0x000000009c6891c8,0x000000009c6c0000)
Event: 3.988 GC heap after
Heap after GC invocations=5 (full 0):
 PSYoungGen      total 53184K, used 2655K [0x00000000e0160000, 0x00000000e7420000, 0x0000000100000000)
  eden space 49152K, 0% used [0x00000000e0160000,0x00000000e0160000,0x00000000e3160000)
  from space 4032K, 65% used [0x00000000e3160000,0x00000000e33f7c30,0x00000000e3550000)
  to   space 9600K, 0% used [0x00000000e6ac0000,0x00000000e6ac0000,0x00000000e7420000)
 ParOldGen       total 65408K, used 9227K [0x00000000a0400000, 0x00000000a43e0000, 0x00000000e0160000)
  object space 65408K, 14% used [0x00000000a0400000,0x00000000a0d02da0,0x00000000a43e0000)
 PSPermGen       total 21248K, used 21028K [0x000000009b200000, 0x000000009c6c0000, 0x00000000a0400000)
  object space 21248K, 98% used [0x000000009b200000,0x000000009c6891c8,0x000000009c6c0000)
}
Event: 3.999 GC heap before
{Heap before GC invocations=6 (full 0):
 PSYoungGen      total 53184K, used 51709K [0x00000000e0160000, 0x00000000e7420000, 0x0000000100000000)
  eden space 49152K, 99% used [0x00000000e0160000,0x00000000e3147868,0x00000000e3160000)
  from space 4032K, 65% used [0x00000000e3160000,0x00000000e33f7c30,0x00000000e3550000)
  to   space 9600K, 0% used [0x00000000e6ac0000,0x00000000e6ac0000,0x00000000e7420000)
 ParOldGen       total 65408K, used 9227K [0x00000000a0400000, 0x00000000a43e0000, 0x00000000e0160000)
  object space 65408K, 14% used [0x00000000a0400000,0x00000000a0d02da0,0x00000000a43e0000)
 PSPermGen       total 21248K, used 21028K [0x000000009b200000, 0x000000009c6c0000, 0x00000000a0400000)
  object space 21248K, 98% used [0x000000009b200000,0x000000009c6891c8,0x000000009c6c0000)
Event: 4.004 GC heap after
Heap after GC invocations=6 (full 0):
 PSYoungGen      total 107840K, used 2680K [0x00000000e0160000, 0x00000000e7440000, 0x0000000100000000)
  eden space 98240K, 0% used [0x00000000e0160000,0x00000000e0160000,0x00000000e6150000)
  from space 9600K, 27% used [0x00000000e6ac0000,0x00000000e6d5e290,0x00000000e7420000)
  to   space 9664K, 0% used [0x00000000e6150000,0x00000000e6150000,0x00000000e6ac0000)
 ParOldGen       total 65408K, used 9227K [0x00000000a0400000, 0x00000000a43e0000, 0x00000000e0160000)
  object space 65408K, 14% used [0x00000000a0400000,0x00000000a0d02da0,0x00000000a43e0000)
 PSPermGen       total 21248K, used 21028K [0x000000009b200000, 0x000000009c6c0000, 0x00000000a0400000)
  object space 21248K, 98% used [0x000000009b200000,0x000000009c6891c8,0x000000009c6c0000)
}
Event: 4.035 GC heap before
{Heap before GC invocations=7 (full 0):
 PSYoungGen      total 107840K, used 100754K [0x00000000e0160000, 0x00000000e7440000, 0x0000000100000000)
  eden space 98240K, 99% used [0x00000000e0160000,0x00000000e6126958,0x00000000e6150000)
  from space 9600K, 27% used [0x00000000e6ac0000,0x00000000e6d5e290,0x00000000e7420000)
  to   space 9664K, 0% used [0x00000000e6150000,0x00000000e6150000,0x00000000e6ac0000)
 ParOldGen       total 65408K, used 9227K [0x00000000a0400000, 0x00000000a43e0000, 0x00000000e0160000)
  object space 65408K, 14% used [0x00000000a0400000,0x00000000a0d02da0,0x00000000a43e0000)
 PSPermGen       total 21248K, used 21028K [0x000000009b200000, 0x000000009c6c0000, 0x00000000a0400000)
  object space 21248K, 98% used [0x000000009b200000,0x000000009c6891c8,0x000000009c6c0000)
Event: 4.040 GC heap after
Heap after GC invocations=7 (full 0):
 PSYoungGen      total 107904K, used 251K [0x00000000e0160000, 0x00000000ed500000, 0x0000000100000000)
  eden space 98240K, 0% used [0x00000000e0160000,0x00000000e0160000,0x00000000e6150000)
  from space 9664K, 2% used [0x00000000e6150000,0x00000000e618ee70,0x00000000e6ac0000)
  to   space 10112K, 0% used [0x00000000ecb20000,0x00000000ecb20000,0x00000000ed500000)
 ParOldGen       total 65408K, used 11745K [0x00000000a0400000, 0x00000000a43e0000, 0x00000000e0160000)
  object space 65408K, 17% used [0x00000000a0400000,0x00000000a0f78680,0x00000000a43e0000)
 PSPermGen       total 21248K, used 21028K [0x000000009b200000, 0x000000009c6c0000, 0x00000000a0400000)
  object space 21248K, 98% used [0x000000009b200000,0x000000009c6891c8,0x000000009c6c0000)
}

