# JRE version: 7.0_10-b09
# Java VM: Java HotSpot(TM) 64-Bit Server VM (23.6-b03 mixed mode windows-amd64 compressed oops)
Heap
 PSYoungGen      total 131584K, used 82738K [0x00000000d8160000, 0x00000000e0ae0000, 0x0000000100000000)
  eden space 122880K, 63% used [0x00000000d8160000,0x00000000dcd22aa8,0x00000000df960000)
  from space 8704K, 59% used [0x00000000e0260000,0x00000000e0769eb8,0x00000000e0ae0000)
  to   space 8960K, 0% used [0x00000000df960000,0x00000000df960000,0x00000000e0220000)
 ParOldGen       total 81728K, used 5562K [0x0000000088400000, 0x000000008d3d0000, 0x00000000d8160000)
  object space 81728K, 6% used [0x0000000088400000,0x000000008896ea80,0x000000008d3d0000)
 PSPermGen       total 22976K, used 22917K [0x0000000083200000, 0x0000000084870000, 0x0000000088400000)
  object space 22976K, 99% used [0x0000000083200000,0x0000000084861590,0x0000000084870000)
GC Heap History (10 events):
Event: 6.527 GC heap before
{Heap before GC invocations=2 (full 0):
 PSYoungGen      total 35776K, used 35730K [0x00000000d8160000, 0x00000000da940000, 0x0000000100000000)
  eden space 30720K, 99% used [0x00000000d8160000,0x00000000d9f567d0,0x00000000d9f60000)
  from space 5056K, 99% used [0x00000000d9f60000,0x00000000da44e100,0x00000000da450000)
  to   space 5056K, 0% used [0x00000000da450000,0x00000000da450000,0x00000000da940000)
 ParOldGen       total 81728K, used 1869K [0x0000000088400000, 0x000000008d3d0000, 0x00000000d8160000)
  object space 81728K, 2% used [0x0000000088400000,0x00000000885d3560,0x000000008d3d0000)
 PSPermGen       total 21248K, used 21123K [0x0000000083200000, 0x00000000846c0000, 0x0000000088400000)
  object space 21248K, 99% used [0x0000000083200000,0x00000000846a0d40,0x00000000846c0000)
Event: 6.547 GC heap after
Heap after GC invocations=2 (full 0):
 PSYoungGen      total 35776K, used 5041K [0x00000000d8160000, 0x00000000da940000, 0x0000000100000000)
  eden space 30720K, 0% used [0x00000000d8160000,0x00000000d8160000,0x00000000d9f60000)
  from space 5056K, 99% used [0x00000000da450000,0x00000000da93c610,0x00000000da940000)
  to   space 5056K, 0% used [0x00000000d9f60000,0x00000000d9f60000,0x00000000da450000)
 ParOldGen       total 81728K, used 5434K [0x0000000088400000, 0x000000008d3d0000, 0x00000000d8160000)
  object space 81728K, 6% used [0x0000000088400000,0x000000008894ea80,0x000000008d3d0000)
 PSPermGen       total 21248K, used 21123K [0x0000000083200000, 0x00000000846c0000, 0x0000000088400000)
  object space 21248K, 99% used [0x0000000083200000,0x00000000846a0d40,0x00000000846c0000)
}
Event: 6.570 GC heap before
{Heap before GC invocations=3 (full 0):
 PSYoungGen      total 35776K, used 35754K [0x00000000d8160000, 0x00000000da940000, 0x0000000100000000)
  eden space 30720K, 99% used [0x00000000d8160000,0x00000000d9f5e450,0x00000000d9f60000)
  from space 5056K, 99% used [0x00000000da450000,0x00000000da93c610,0x00000000da940000)
  to   space 5056K, 0% used [0x00000000d9f60000,0x00000000d9f60000,0x00000000da450000)
 ParOldGen       total 81728K, used 5434K [0x0000000088400000, 0x000000008d3d0000, 0x00000000d8160000)
  object space 81728K, 6% used [0x0000000088400000,0x000000008894ea80,0x000000008d3d0000)
 PSPermGen       total 21248K, used 21123K [0x0000000083200000, 0x00000000846c0000, 0x0000000088400000)
  object space 21248K, 99% used [0x0000000083200000,0x00000000846a0de8,0x00000000846c0000)
Event: 6.581 GC heap after
Heap after GC invocations=3 (full 0):
 PSYoungGen      total 35776K, used 5041K [0x00000000d8160000, 0x00000000dc740000, 0x0000000100000000)
  eden space 30720K, 0% used [0x00000000d8160000,0x00000000d8160000,0x00000000d9f60000)
  from space 5056K, 99% used [0x00000000d9f60000,0x00000000da44c6c0,0x00000000da450000)
  to   space 5056K, 0% used [0x00000000dc250000,0x00000000dc250000,0x00000000dc740000)
 ParOldGen       total 81728K, used 5506K [0x0000000088400000, 0x000000008d3d0000, 0x00000000d8160000)
  object space 81728K, 6% used [0x0000000088400000,0x0000000088960a80,0x000000008d3d0000)
 PSPermGen       total 21248K, used 21123K [0x0000000083200000, 0x00000000846c0000, 0x0000000088400000)
  object space 21248K, 99% used [0x0000000083200000,0x00000000846a0de8,0x00000000846c0000)
}
Event: 6.601 GC heap before
{Heap before GC invocations=4 (full 0):
 PSYoungGen      total 35776K, used 35734K [0x00000000d8160000, 0x00000000dc740000, 0x0000000100000000)
  eden space 30720K, 99% used [0x00000000d8160000,0x00000000d9f59228,0x00000000d9f60000)
  from space 5056K, 99% used [0x00000000d9f60000,0x00000000da44c6c0,0x00000000da450000)
  to   space 5056K, 0% used [0x00000000dc250000,0x00000000dc250000,0x00000000dc740000)
 ParOldGen       total 81728K, used 5506K [0x0000000088400000, 0x000000008d3d0000, 0x00000000d8160000)
  object space 81728K, 6% used [0x0000000088400000,0x0000000088960a80,0x000000008d3d0000)
 PSPermGen       total 21248K, used 21123K [0x0000000083200000, 0x00000000846c0000, 0x0000000088400000)
  object space 21248K, 99% used [0x0000000083200000,0x00000000846a0de8,0x00000000846c0000)
Event: 6.612 GC heap after
Heap after GC invocations=4 (full 0):
 PSYoungGen      total 66496K, used 5048K [0x00000000d8160000, 0x00000000dc740000, 0x0000000100000000)
  eden space 61440K, 0% used [0x00000000d8160000,0x00000000d8160000,0x00000000dbd60000)
  from space 5056K, 99% used [0x00000000dc250000,0x00000000dc73e280,0x00000000dc740000)
  to   space 5056K, 0% used [0x00000000dbd60000,0x00000000dbd60000,0x00000000dc250000)
 ParOldGen       total 81728K, used 5530K [0x0000000088400000, 0x000000008d3d0000, 0x00000000d8160000)
  object space 81728K, 6% used [0x0000000088400000,0x0000000088966a80,0x000000008d3d0000)
 PSPermGen       total 21248K, used 21123K [0x0000000083200000, 0x00000000846c0000, 0x0000000088400000)
  object space 21248K, 99% used [0x0000000083200000,0x00000000846a0de8,0x00000000846c0000)
}
Event: 6.658 GC heap before
{Heap before GC invocations=5 (full 0):
 PSYoungGen      total 66496K, used 66383K [0x00000000d8160000, 0x00000000dc740000, 0x0000000100000000)
  eden space 61440K, 99% used [0x00000000d8160000,0x00000000dbd45ba8,0x00000000dbd60000)
  from space 5056K, 99% used [0x00000000dc250000,0x00000000dc73e280,0x00000000dc740000)
  to   space 5056K, 0% used [0x00000000dbd60000,0x00000000dbd60000,0x00000000dc250000)
 ParOldGen       total 81728K, used 5530K [0x0000000088400000, 0x000000008d3d0000, 0x00000000d8160000)
  object space 81728K, 6% used [0x0000000088400000,0x0000000088966a80,0x000000008d3d0000)
 PSPermGen       total 21248K, used 21123K [0x0000000083200000, 0x00000000846c0000, 0x0000000088400000)
  object space 21248K, 99% used [0x0000000083200000,0x00000000846a0f98,0x00000000846c0000)
Event: 6.670 GC heap after
Heap after GC invocations=5 (full 0):
 PSYoungGen      total 66496K, used 5035K [0x00000000d8160000, 0x00000000e0b60000, 0x0000000100000000)
  eden space 61440K, 0% used [0x00000000d8160000,0x00000000d8160000,0x00000000dbd60000)
  from space 5056K, 99% used [0x00000000dbd60000,0x00000000dc24ae58,0x00000000dc250000)
  to   space 9216K, 0% used [0x00000000e0260000,0x00000000e0260000,0x00000000e0b60000)
 ParOldGen       total 81728K, used 5562K [0x0000000088400000, 0x000000008d3d0000, 0x00000000d8160000)
  object space 81728K, 6% used [0x0000000088400000,0x000000008896ea80,0x000000008d3d0000)
 PSPermGen       total 21248K, used 21123K [0x0000000083200000, 0x00000000846c0000, 0x0000000088400000)
  object space 21248K, 99% used [0x0000000083200000,0x00000000846a0f98,0x00000000846c0000)
}
Event: 6.707 GC heap before
{Heap before GC invocations=6 (full 0):
 PSYoungGen      total 66496K, used 66460K [0x00000000d8160000, 0x00000000e0b60000, 0x0000000100000000)
  eden space 61440K, 99% used [0x00000000d8160000,0x00000000dbd5c528,0x00000000dbd60000)
  from space 5056K, 99% used [0x00000000dbd60000,0x00000000dc24ae58,0x00000000dc250000)
  to   space 9216K, 0% used [0x00000000e0260000,0x00000000e0260000,0x00000000e0b60000)
 ParOldGen       total 81728K, used 5562K [0x0000000088400000, 0x000000008d3d0000, 0x00000000d8160000)
  object space 81728K, 6% used [0x0000000088400000,0x000000008896ea80,0x000000008d3d0000)
 PSPermGen       total 21248K, used 21123K [0x0000000083200000, 0x00000000846c0000, 0x0000000088400000)
  object space 21248K, 99% used [0x0000000083200000,0x00000000846a0f98,0x00000000846c0000)
Event: 6.719 GC heap after
Heap after GC invocations=6 (full 0):
 PSYoungGen      total 131584K, used 5159K [0x00000000d8160000, 0x00000000e0ae0000, 0x0000000100000000)
  eden space 122880K, 0% used [0x00000000d8160000,0x00000000d8160000,0x00000000df960000)
  from space 8704K, 59% used [0x00000000e0260000,0x00000000e0769eb8,0x00000000e0ae0000)
  to   space 8960K, 0% used [0x00000000df960000,0x00000000df960000,0x00000000e0220000)
 ParOldGen       total 81728K, used 5562K [0x0000000088400000, 0x000000008d3d0000, 0x00000000d8160000)
  object space 81728K, 6% used [0x0000000088400000,0x000000008896ea80,0x000000008d3d0000)
 PSPermGen       total 21248K, used 21123K [0x0000000083200000, 0x00000000846c0000, 0x0000000088400000)
  object space 21248K, 99% used [0x0000000083200000,0x00000000846a0f98,0x00000000846c0000)
}

