# JRE version: 7.0_10-b09
# Java VM: Java HotSpot(TM) 64-Bit Server VM (23.6-b03 mixed mode windows-amd64 compressed oops)
Heap
 PSYoungGen      total 131648K, used 77615K [0x00000000d8160000, 0x00000000e0b00000, 0x0000000100000000)
  eden space 122880K, 58% used [0x00000000d8160000,0x00000000dc82ca70,0x00000000df960000)
  from space 8768K, 58% used [0x00000000e0270000,0x00000000e076f1e8,0x00000000e0b00000)
  to   space 9024K, 0% used [0x00000000df960000,0x00000000df960000,0x00000000e0230000)
 ParOldGen       total 81728K, used 5518K [0x0000000088400000, 0x000000008d3d0000, 0x00000000d8160000)
  object space 81728K, 6% used [0x0000000088400000,0x0000000088963ab8,0x000000008d3d0000)
 PSPermGen       total 22208K, used 22016K [0x0000000083200000, 0x00000000847b0000, 0x0000000088400000)
  object space 22208K, 99% used [0x0000000083200000,0x00000000847800a8,0x00000000847b0000)
GC Heap History (10 events):
Event: 6.107 GC heap before
{Heap before GC invocations=2 (full 0):
 PSYoungGen      total 35776K, used 35734K [0x00000000d8160000, 0x00000000da940000, 0x0000000100000000)
  eden space 30720K, 99% used [0x00000000d8160000,0x00000000d9f58930,0x00000000d9f60000)
  from space 5056K, 99% used [0x00000000d9f60000,0x00000000da44d1f0,0x00000000da450000)
  to   space 5056K, 0% used [0x00000000da450000,0x00000000da450000,0x00000000da940000)
 ParOldGen       total 81728K, used 1633K [0x0000000088400000, 0x000000008d3d0000, 0x00000000d8160000)
  object space 81728K, 1% used [0x0000000088400000,0x00000000885984a0,0x000000008d3d0000)
 PSPermGen       total 21440K, used 21347K [0x0000000083200000, 0x00000000846f0000, 0x0000000088400000)
  object space 21440K, 99% used [0x0000000083200000,0x00000000846d8eb0,0x00000000846f0000)
Event: 6.122 GC heap after
Heap after GC invocations=2 (full 0):
 PSYoungGen      total 35776K, used 5045K [0x00000000d8160000, 0x00000000da940000, 0x0000000100000000)
  eden space 30720K, 0% used [0x00000000d8160000,0x00000000d8160000,0x00000000d9f60000)
  from space 5056K, 99% used [0x00000000da450000,0x00000000da93d5f8,0x00000000da940000)
  to   space 5056K, 0% used [0x00000000d9f60000,0x00000000d9f60000,0x00000000da450000)
 ParOldGen       total 81728K, used 5350K [0x0000000088400000, 0x000000008d3d0000, 0x00000000d8160000)
  object space 81728K, 6% used [0x0000000088400000,0x0000000088939ab8,0x000000008d3d0000)
 PSPermGen       total 21440K, used 21347K [0x0000000083200000, 0x00000000846f0000, 0x0000000088400000)
  object space 21440K, 99% used [0x0000000083200000,0x00000000846d8eb0,0x00000000846f0000)
}
Event: 6.146 GC heap before
{Heap before GC invocations=3 (full 0):
 PSYoungGen      total 35776K, used 35754K [0x00000000d8160000, 0x00000000da940000, 0x0000000100000000)
  eden space 30720K, 99% used [0x00000000d8160000,0x00000000d9f5d3a8,0x00000000d9f60000)
  from space 5056K, 99% used [0x00000000da450000,0x00000000da93d5f8,0x00000000da940000)
  to   space 5056K, 0% used [0x00000000d9f60000,0x00000000d9f60000,0x00000000da450000)
 ParOldGen       total 81728K, used 5350K [0x0000000088400000, 0x000000008d3d0000, 0x00000000d8160000)
  object space 81728K, 6% used [0x0000000088400000,0x0000000088939ab8,0x000000008d3d0000)
 PSPermGen       total 21440K, used 21347K [0x0000000083200000, 0x00000000846f0000, 0x0000000088400000)
  object space 21440K, 99% used [0x0000000083200000,0x00000000846d8f78,0x00000000846f0000)
Event: 6.155 GC heap after
Heap after GC invocations=3 (full 0):
 PSYoungGen      total 35776K, used 5045K [0x00000000d8160000, 0x00000000dc740000, 0x0000000100000000)
  eden space 30720K, 0% used [0x00000000d8160000,0x00000000d8160000,0x00000000d9f60000)
  from space 5056K, 99% used [0x00000000d9f60000,0x00000000da44d778,0x00000000da450000)
  to   space 5056K, 0% used [0x00000000dc250000,0x00000000dc250000,0x00000000dc740000)
 ParOldGen       total 81728K, used 5390K [0x0000000088400000, 0x000000008d3d0000, 0x00000000d8160000)
  object space 81728K, 6% used [0x0000000088400000,0x0000000088943ab8,0x000000008d3d0000)
 PSPermGen       total 21440K, used 21347K [0x0000000083200000, 0x00000000846f0000, 0x0000000088400000)
  object space 21440K, 99% used [0x0000000083200000,0x00000000846d8f78,0x00000000846f0000)
}
Event: 6.175 GC heap before
{Heap before GC invocations=4 (full 0):
 PSYoungGen      total 35776K, used 35765K [0x00000000d8160000, 0x00000000dc740000, 0x0000000100000000)
  eden space 30720K, 99% used [0x00000000d8160000,0x00000000d9f5fe88,0x00000000d9f60000)
  from space 5056K, 99% used [0x00000000d9f60000,0x00000000da44d778,0x00000000da450000)
  to   space 5056K, 0% used [0x00000000dc250000,0x00000000dc250000,0x00000000dc740000)
 ParOldGen       total 81728K, used 5390K [0x0000000088400000, 0x000000008d3d0000, 0x00000000d8160000)
  object space 81728K, 6% used [0x0000000088400000,0x0000000088943ab8,0x000000008d3d0000)
 PSPermGen       total 21440K, used 21347K [0x0000000083200000, 0x00000000846f0000, 0x0000000088400000)
  object space 21440K, 99% used [0x0000000083200000,0x00000000846d8f78,0x00000000846f0000)
Event: 6.185 GC heap after
Heap after GC invocations=4 (full 0):
 PSYoungGen      total 66496K, used 5053K [0x00000000d8160000, 0x00000000dc740000, 0x0000000100000000)
  eden space 61440K, 0% used [0x00000000d8160000,0x00000000d8160000,0x00000000dbd60000)
  from space 5056K, 99% used [0x00000000dc250000,0x00000000dc73f5e8,0x00000000dc740000)
  to   space 5056K, 0% used [0x00000000dbd60000,0x00000000dbd60000,0x00000000dc250000)
 ParOldGen       total 81728K, used 5430K [0x0000000088400000, 0x000000008d3d0000, 0x00000000d8160000)
  object space 81728K, 6% used [0x0000000088400000,0x000000008894dab8,0x000000008d3d0000)
 PSPermGen       total 21440K, used 21347K [0x0000000083200000, 0x00000000846f0000, 0x0000000088400000)
  object space 21440K, 99% used [0x0000000083200000,0x00000000846d8f78,0x00000000846f0000)
}
Event: 6.232 GC heap before
{Heap before GC invocations=5 (full 0):
 PSYoungGen      total 66496K, used 66380K [0x00000000d8160000, 0x00000000dc740000, 0x0000000100000000)
  eden space 61440K, 99% used [0x00000000d8160000,0x00000000dbd43a90,0x00000000dbd60000)
  from space 5056K, 99% used [0x00000000dc250000,0x00000000dc73f5e8,0x00000000dc740000)
  to   space 5056K, 0% used [0x00000000dbd60000,0x00000000dbd60000,0x00000000dc250000)
 ParOldGen       total 81728K, used 5430K [0x0000000088400000, 0x000000008d3d0000, 0x00000000d8160000)
  object space 81728K, 6% used [0x0000000088400000,0x000000008894dab8,0x000000008d3d0000)
 PSPermGen       total 21440K, used 21347K [0x0000000083200000, 0x00000000846f0000, 0x0000000088400000)
  object space 21440K, 99% used [0x0000000083200000,0x00000000846d8f78,0x00000000846f0000)
Event: 6.242 GC heap after
Heap after GC invocations=5 (full 0):
 PSYoungGen      total 66496K, used 5024K [0x00000000d8160000, 0x00000000e0b80000, 0x0000000100000000)
  eden space 61440K, 0% used [0x00000000d8160000,0x00000000d8160000,0x00000000dbd60000)
  from space 5056K, 99% used [0x00000000dbd60000,0x00000000dc2481b0,0x00000000dc250000)
  to   space 9280K, 0% used [0x00000000e0270000,0x00000000e0270000,0x00000000e0b80000)
 ParOldGen       total 81728K, used 5518K [0x0000000088400000, 0x000000008d3d0000, 0x00000000d8160000)
  object space 81728K, 6% used [0x0000000088400000,0x0000000088963ab8,0x000000008d3d0000)
 PSPermGen       total 21440K, used 21347K [0x0000000083200000, 0x00000000846f0000, 0x0000000088400000)
  object space 21440K, 99% used [0x0000000083200000,0x00000000846d8f78,0x00000000846f0000)
}
Event: 6.279 GC heap before
{Heap before GC invocations=6 (full 0):
 PSYoungGen      total 66496K, used 66450K [0x00000000d8160000, 0x00000000e0b80000, 0x0000000100000000)
  eden space 61440K, 99% used [0x00000000d8160000,0x00000000dbd5ca18,0x00000000dbd60000)
  from space 5056K, 99% used [0x00000000dbd60000,0x00000000dc2481b0,0x00000000dc250000)
  to   space 9280K, 0% used [0x00000000e0270000,0x00000000e0270000,0x00000000e0b80000)
 ParOldGen       total 81728K, used 5518K [0x0000000088400000, 0x000000008d3d0000, 0x00000000d8160000)
  object space 81728K, 6% used [0x0000000088400000,0x0000000088963ab8,0x000000008d3d0000)
 PSPermGen       total 21440K, used 21347K [0x0000000083200000, 0x00000000846f0000, 0x0000000088400000)
  object space 21440K, 99% used [0x0000000083200000,0x00000000846d8f78,0x00000000846f0000)
Event: 6.288 GC heap after
Heap after GC invocations=6 (full 0):
 PSYoungGen      total 131648K, used 5116K [0x00000000d8160000, 0x00000000e0b00000, 0x0000000100000000)
  eden space 122880K, 0% used [0x00000000d8160000,0x00000000d8160000,0x00000000df960000)
  from space 8768K, 58% used [0x00000000e0270000,0x00000000e076f1e8,0x00000000e0b00000)
  to   space 9024K, 0% used [0x00000000df960000,0x00000000df960000,0x00000000e0230000)
 ParOldGen       total 81728K, used 5518K [0x0000000088400000, 0x000000008d3d0000, 0x00000000d8160000)
  object space 81728K, 6% used [0x0000000088400000,0x0000000088963ab8,0x000000008d3d0000)
 PSPermGen       total 21440K, used 21347K [0x0000000083200000, 0x00000000846f0000, 0x0000000088400000)
  object space 21440K, 99% used [0x0000000083200000,0x00000000846d8f78,0x00000000846f0000)
}

