# JRE version: 7.0_09-b05
# Java VM: Java HotSpot(TM) Client VM (23.5-b02 mixed mode, sharing windows-x86 )
Heap
 def new generation   total 4928K, used 2839K [0x24280000, 0x247d0000, 0x297d0000)
  eden space 4416K,  52% used [0x24280000, 0x244c5e90, 0x246d0000)
  from space 512K, 100% used [0x246d0000, 0x24750000, 0x24750000)
  to   space 512K,   0% used [0x24750000, 0x24750000, 0x247d0000)
 tenured generation   total 10944K, used 9965K [0x297d0000, 0x2a280000, 0x34280000)
   the space 10944K,  91% used [0x297d0000, 0x2a18b5e0, 0x2a18b600, 0x2a280000)
 compacting perm gen  total 12288K, used 7666K [0x34280000, 0x34e80000, 0x38280000)
   the space 12288K,  62% used [0x34280000, 0x349fcaf0, 0x349fcc00, 0x34e80000)
    ro space 10240K,  42% used [0x38280000, 0x386c0348, 0x386c0400, 0x38c80000)
    rw space 12288K,  54% used [0x38c80000, 0x393006f0, 0x39300800, 0x39880000)
GC Heap History (10 events):
Event: 3.499 GC heap before
{Heap before GC invocations=65 (full 0):
 def new generation   total 4928K, used 4461K [0x24280000, 0x247d0000, 0x297d0000)
  eden space 4416K,  96% used [0x24280000, 0x246ad1a0, 0x246d0000)
  from space 512K,  36% used [0x24750000, 0x2477e400, 0x247d0000)
  to   space 512K,   0% used [0x246d0000, 0x246d0000, 0x24750000)
 tenured generation   total 10944K, used 9033K [0x297d0000, 0x2a280000, 0x34280000)
   the space 10944K,  82% used [0x297d0000, 0x2a0a2560, 0x2a0a2600, 0x2a280000)
 compacting perm gen  total 12288K, used 7022K [0x34280000, 0x34e80000, 0x38280000)
   the space 12288K,  57% used [0x34280000, 0x3495b928, 0x3495ba00, 0x34e80000)
    ro space 10240K,  42% used [0x38280000, 0x386c0348, 0x386c0400, 0x38c80000)
    rw space 12288K,  54% used [0x38c80000, 0x393006f0, 0x39300800, 0x39880000)
Event: 3.500 GC heap after
Heap after GC invocations=66 (full 0):
 def new generation   total 4928K, used 186K [0x24280000, 0x247d0000, 0x297d0000)
  eden space 4416K,   0% used [0x24280000, 0x24280000, 0x246d0000)
  from space 512K,  36% used [0x246d0000, 0x246fea78, 0x24750000)
  to   space 512K,   0% used [0x24750000, 0x24750000, 0x247d0000)
 tenured generation   total 10944K, used 9033K [0x297d0000, 0x2a280000, 0x34280000)
   the space 10944K,  82% used [0x297d0000, 0x2a0a2560, 0x2a0a2600, 0x2a280000)
 compacting perm gen  total 12288K, used 7022K [0x34280000, 0x34e80000, 0x38280000)
   the space 12288K,  57% used [0x34280000, 0x3495b928, 0x3495ba00, 0x34e80000)
    ro space 10240K,  42% used [0x38280000, 0x386c0348, 0x386c0400, 0x38c80000)
    rw space 12288K,  54% used [0x38c80000, 0x393006f0, 0x39300800, 0x39880000)
}
Event: 3.502 GC heap before
{Heap before GC invocations=66 (full 0):
 def new generation   total 4928K, used 4500K [0x24280000, 0x247d0000, 0x297d0000)
  eden space 4416K,  97% used [0x24280000, 0x246b6668, 0x246d0000)
  from space 512K,  36% used [0x246d0000, 0x246fea78, 0x24750000)
  to   space 512K,   0% used [0x24750000, 0x24750000, 0x247d0000)
 tenured generation   total 10944K, used 9033K [0x297d0000, 0x2a280000, 0x34280000)
   the space 10944K,  82% used [0x297d0000, 0x2a0a2560, 0x2a0a2600, 0x2a280000)
 compacting perm gen  total 12288K, used 7022K [0x34280000, 0x34e80000, 0x38280000)
   the space 12288K,  57% used [0x34280000, 0x3495b928, 0x3495ba00, 0x34e80000)
    ro space 10240K,  42% used [0x38280000, 0x386c0348, 0x386c0400, 0x38c80000)
    rw space 12288K,  54% used [0x38c80000, 0x393006f0, 0x39300800, 0x39880000)
Event: 3.503 GC heap after
Heap after GC invocations=67 (full 0):
 def new generation   total 4928K, used 188K [0x24280000, 0x247d0000, 0x297d0000)
  eden space 4416K,   0% used [0x24280000, 0x24280000, 0x246d0000)
  from space 512K,  36% used [0x24750000, 0x2477f0f0, 0x247d0000)
  to   space 512K,   0% used [0x246d0000, 0x246d0000, 0x24750000)
 tenured generation   total 10944K, used 9033K [0x297d0000, 0x2a280000, 0x34280000)
   the space 10944K,  82% used [0x297d0000, 0x2a0a2560, 0x2a0a2600, 0x2a280000)
 compacting perm gen  total 12288K, used 7022K [0x34280000, 0x34e80000, 0x38280000)
   the space 12288K,  57% used [0x34280000, 0x3495b928, 0x3495ba00, 0x34e80000)
    ro space 10240K,  42% used [0x38280000, 0x386c0348, 0x386c0400, 0x38c80000)
    rw space 12288K,  54% used [0x38c80000, 0x393006f0, 0x39300800, 0x39880000)
}
Event: 3.552 GC heap before
{Heap before GC invocations=67 (full 0):
 def new generation   total 4928K, used 4604K [0x24280000, 0x247d0000, 0x297d0000)
  eden space 4416K, 100% used [0x24280000, 0x246d0000, 0x246d0000)
  from space 512K,  36% used [0x24750000, 0x2477f0f0, 0x247d0000)
  to   space 512K,   0% used [0x246d0000, 0x246d0000, 0x24750000)
 tenured generation   total 10944K, used 9033K [0x297d0000, 0x2a280000, 0x34280000)
   the space 10944K,  82% used [0x297d0000, 0x2a0a2560, 0x2a0a2600, 0x2a280000)
 compacting perm gen  total 12288K, used 7039K [0x34280000, 0x34e80000, 0x38280000)
   the space 12288K,  57% used [0x34280000, 0x3495fe08, 0x34960000, 0x34e80000)
    ro space 10240K,  42% used [0x38280000, 0x386c0348, 0x386c0400, 0x38c80000)
    rw space 12288K,  54% used [0x38c80000, 0x393006f0, 0x39300800, 0x39880000)
Event: 3.553 GC heap after
Heap after GC invocations=68 (full 0):
 def new generation   total 4928K, used 257K [0x24280000, 0x247d0000, 0x297d0000)
  eden space 4416K,   0% used [0x24280000, 0x24280000, 0x246d0000)
  from space 512K,  50% used [0x246d0000, 0x24710650, 0x24750000)
  to   space 512K,   0% used [0x24750000, 0x24750000, 0x247d0000)
 tenured generation   total 10944K, used 9033K [0x297d0000, 0x2a280000, 0x34280000)
   the space 10944K,  82% used [0x297d0000, 0x2a0a2560, 0x2a0a2600, 0x2a280000)
 compacting perm gen  total 12288K, used 7039K [0x34280000, 0x34e80000, 0x38280000)
   the space 12288K,  57% used [0x34280000, 0x3495fe08, 0x34960000, 0x34e80000)
    ro space 10240K,  42% used [0x38280000, 0x386c0348, 0x386c0400, 0x38c80000)
    rw space 12288K,  54% used [0x38c80000, 0x393006f0, 0x39300800, 0x39880000)
}
Event: 3.581 GC heap before
{Heap before GC invocations=68 (full 0):
 def new generation   total 4928K, used 4673K [0x24280000, 0x247d0000, 0x297d0000)
  eden space 4416K, 100% used [0x24280000, 0x246d0000, 0x246d0000)
  from space 512K,  50% used [0x246d0000, 0x24710650, 0x24750000)
  to   space 512K,   0% used [0x24750000, 0x24750000, 0x247d0000)
 tenured generation   total 10944K, used 9033K [0x297d0000, 0x2a280000, 0x34280000)
   the space 10944K,  82% used [0x297d0000, 0x2a0a2560, 0x2a0a2600, 0x2a280000)
 compacting perm gen  total 12288K, used 7039K [0x34280000, 0x34e80000, 0x38280000)
   the space 12288K,  57% used [0x34280000, 0x3495fe18, 0x34960000, 0x34e80000)
    ro space 10240K,  42% used [0x38280000, 0x386c0348, 0x386c0400, 0x38c80000)
    rw space 12288K,  54% used [0x38c80000, 0x393006f0, 0x39300800, 0x39880000)
Event: 3.583 GC heap after
Heap after GC invocations=69 (full 0):
 def new generation   total 4928K, used 297K [0x24280000, 0x247d0000, 0x297d0000)
  eden space 4416K,   0% used [0x24280000, 0x24280000, 0x246d0000)
  from space 512K,  58% used [0x24750000, 0x2479a500, 0x247d0000)
  to   space 512K,   0% used [0x246d0000, 0x246d0000, 0x24750000)
 tenured generation   total 10944K, used 9282K [0x297d0000, 0x2a280000, 0x34280000)
   the space 10944K,  84% used [0x297d0000, 0x2a0e0b50, 0x2a0e0c00, 0x2a280000)
 compacting perm gen  total 12288K, used 7039K [0x34280000, 0x34e80000, 0x38280000)
   the space 12288K,  57% used [0x34280000, 0x3495fe18, 0x34960000, 0x34e80000)
    ro space 10240K,  42% used [0x38280000, 0x386c0348, 0x386c0400, 0x38c80000)
    rw space 12288K,  54% used [0x38c80000, 0x393006f0, 0x39300800, 0x39880000)
}
Event: 3.791 GC heap before
{Heap before GC invocations=69 (full 0):
 def new generation   total 4928K, used 4713K [0x24280000, 0x247d0000, 0x297d0000)
  eden space 4416K, 100% used [0x24280000, 0x246d0000, 0x246d0000)
  from space 512K,  58% used [0x24750000, 0x2479a500, 0x247d0000)
  to   space 512K,   0% used [0x246d0000, 0x246d0000, 0x24750000)
 tenured generation   total 10944K, used 9282K [0x297d0000, 0x2a280000, 0x34280000)
   the space 10944K,  84% used [0x297d0000, 0x2a0e0b50, 0x2a0e0c00, 0x2a280000)
 compacting perm gen  total 12288K, used 7267K [0x34280000, 0x34e80000, 0x38280000)
   the space 12288K,  59% used [0x34280000, 0x34998f90, 0x34999000, 0x34e80000)
    ro space 10240K,  42% used [0x38280000, 0x386c0348, 0x386c0400, 0x38c80000)
    rw space 12288K,  54% used [0x38c80000, 0x393006f0, 0x39300800, 0x39880000)
Event: 3.799 GC heap after
Heap after GC invocations=70 (full 0):
 def new generation   total 4928K, used 512K [0x24280000, 0x247d0000, 0x297d0000)
  eden space 4416K,   0% used [0x24280000, 0x24280000, 0x246d0000)
  from space 512K, 100% used [0x246d0000, 0x24750000, 0x24750000)
  to   space 512K,   0% used [0x24750000, 0x24750000, 0x247d0000)
 tenured generation   total 10944K, used 9965K [0x297d0000, 0x2a280000, 0x34280000)
   the space 10944K,  91% used [0x297d0000, 0x2a18b5e0, 0x2a18b600, 0x2a280000)
 compacting perm gen  total 12288K, used 7267K [0x34280000, 0x34e80000, 0x38280000)
   the space 12288K,  59% used [0x34280000, 0x34998f90, 0x34999000, 0x34e80000)
    ro space 10240K,  42% used [0x38280000, 0x386c0348, 0x386c0400, 0x38c80000)
    rw space 12288K,  54% used [0x38c80000, 0x393006f0, 0x39300800, 0x39880000)
}

